Log file open, 01/16/20 06:15:43
LogWindows: Failed to load 'aqProf.dll' (GetLastError=126)
LogWindows: File 'aqProf.dll' does not exist
LogWindows: Failed to load 'VtuneApi.dll' (GetLastError=126)
LogWindows: File 'VtuneApi.dll' does not exist
LogWindows: Failed to load 'VtuneApi32e.dll' (GetLastError=126)
LogWindows: File 'VtuneApi32e.dll' does not exist
LogConsoleResponse: Display: Failed to find resolution value strings in scalability ini. Falling back to default.
LogInit: Display: Running engine for game: OPC
LogPlatformFile: Not using cached read wrapper
LogTaskGraph: Started task graph with 5 named threads and 35 total threads with 3 sets of task threads.
LogStats: Stats thread started at 0.094853
LogD3D11RHI: Loaded GFSDK_Aftermath_Lib.x64.dll
LogICUInternationalization: ICU TimeZone Detection - Raw Offset: +10:00, Platform Override: ''
LogPluginManager: Mounting plugin Paper2D
LogPluginManager: Mounting plugin AISupport
LogPluginManager: Mounting plugin LightPropagationVolume
LogPluginManager: Mounting plugin ActorLayerUtilities
LogPluginManager: Mounting plugin AnimationSharing
LogPluginManager: Mounting plugin CLionSourceCodeAccess
LogPluginManager: Mounting plugin CodeLiteSourceCodeAccess
LogPluginManager: Mounting plugin GitSourceControl
LogPluginManager: Mounting plugin KDevelopSourceCodeAccess
LogPluginManager: Mounting plugin NullSourceCodeAccess
LogPluginManager: Mounting plugin PerforceSourceControl
LogPluginManager: Mounting plugin SubversionSourceControl
LogPluginManager: Mounting plugin UObjectPlugin
LogPluginManager: Mounting plugin VisualStudioCodeSourceCodeAccess
LogPluginManager: Mounting plugin VisualStudioSourceCodeAccess
LogPluginManager: Mounting plugin XCodeSourceCodeAccess
LogPluginManager: Mounting plugin AssetManagerEditor
LogPluginManager: Mounting plugin CryptoKeys
LogPluginManager: Mounting plugin CurveEditorTools
LogPluginManager: Mounting plugin DataValidation
LogPluginManager: Mounting plugin FacialAnimation
LogPluginManager: Mounting plugin GameplayTagsEditor
LogPluginManager: Mounting plugin MacGraphicsSwitching
LogPluginManager: Mounting plugin MaterialAnalyzer
LogPluginManager: Mounting plugin MobileLauncherProfileWizard
LogPluginManager: Mounting plugin PluginBrowser
LogPluginManager: Mounting plugin SpeedTreeImporter
LogPluginManager: Mounting plugin DatasmithContent
LogPluginManager: Mounting plugin VariantManagerContent
LogPluginManager: Mounting plugin AlembicImporter
LogPluginManager: Mounting plugin AutomationUtils
LogPluginManager: Mounting plugin BackChannel
LogPluginManager: Mounting plugin CharacterAI
LogPluginManager: Mounting plugin GeometryCache
LogPluginManager: Mounting plugin HTML5Networking
LogPluginManager: Mounting plugin PlatformCrypto
LogPluginManager: Mounting plugin ProxyLODPlugin
LogPluginManager: Mounting plugin SkeletalReduction
LogPluginManager: Mounting plugin MagicLeap
LogPluginManager: Mounting plugin MagicLeapMedia
LogPluginManager: Mounting plugin AndroidMedia
LogPluginManager: Mounting plugin AvfMedia
LogPluginManager: Mounting plugin ImgMedia
LogPluginManager: Mounting plugin MediaCompositing
LogPluginManager: Mounting plugin MediaPlayerEditor
LogPluginManager: Mounting plugin WebMMedia
LogPluginManager: Mounting plugin WmfMedia
LogPluginManager: Mounting plugin TcpMessaging
LogPluginManager: Mounting plugin UdpMessaging
LogPluginManager: Mounting plugin ActorSequence
LogPluginManager: Mounting plugin LevelSequenceEditor
LogPluginManager: Mounting plugin MatineeToLevelSequence
LogPluginManager: Mounting plugin NetcodeUnitTest
LogPluginManager: Mounting plugin NUTUnrealEngine4
LogPluginManager: Mounting plugin OnlineSubsystemGooglePlay
LogPluginManager: Mounting plugin OnlineSubsystemIOS
LogPluginManager: Mounting plugin OnlineSubsystem
LogPluginManager: Mounting plugin OnlineSubsystemNull
LogPluginManager: Mounting plugin OnlineSubsystemUtils
LogPluginManager: Mounting plugin LauncherChunkInstaller
LogPluginManager: Mounting plugin AndroidDeviceProfileSelector
LogPluginManager: Mounting plugin AndroidMoviePlayer
LogPluginManager: Mounting plugin AndroidPermission
LogPluginManager: Mounting plugin AppleImageUtils
LogPluginManager: Mounting plugin AppleMoviePlayer
LogPluginManager: Mounting plugin ArchVisCharacter
LogPluginManager: Mounting plugin AudioCapture
LogPluginManager: Mounting plugin CableComponent
LogPluginManager: Mounting plugin CustomMeshComponent
LogPluginManager: Mounting plugin EditableMesh
LogPluginManager: Mounting plugin ExampleDeviceProfileSelector
LogPluginManager: Mounting plugin GoogleCloudMessaging
LogPluginManager: Mounting plugin IOSDeviceProfileSelector
LogPluginManager: Mounting plugin LinuxDeviceProfileSelector
LogPluginManager: Mounting plugin LocationServicesBPLibrary
LogPluginManager: Mounting plugin MobilePatchingUtils
LogPluginManager: Mounting plugin OculusVR
LogPluginManager: Mounting plugin PhysXVehicles
LogPluginManager: Mounting plugin ProceduralMeshComponent
LogPluginManager: Mounting plugin RuntimePhysXCooking
LogPluginManager: Mounting plugin SignificanceManager
LogPluginManager: Mounting plugin SteamVR
LogPluginManager: Mounting plugin WebMMoviePlayer
LogPluginManager: Mounting plugin WindowsMoviePlayer
LogPluginManager: Mounting plugin ScreenshotTools
LogInit: Using libcurl 7.55.1-DEV
LogInit:  - built for x86_64-pc-win32
LogInit:  - supports SSL with OpenSSL/1.1.1
LogInit:  - supports HTTP deflate (compression) using libz 1.2.8
LogInit:  - other features:
LogInit:      CURL_VERSION_SSL
LogInit:      CURL_VERSION_LIBZ
LogInit:      CURL_VERSION_IPV6
LogInit:      CURL_VERSION_ASYNCHDNS
LogInit:      CURL_VERSION_LARGEFILE
LogInit:      CURL_VERSION_IDN
LogInit:  CurlRequestOptions (configurable via config and command line):
LogInit:  - bVerifyPeer = true  - Libcurl will verify peer certificate
LogInit:  - bUseHttpProxy = false  - Libcurl will NOT use HTTP proxy
LogInit:  - bDontReuseConnections = false  - Libcurl will reuse connections
LogInit:  - MaxHostConnections = 16  - Libcurl will limit the number of connections to a host
LogInit:  - LocalHostAddr = Default
LogInit:  - BufferSize = 65536
LogOnline: OSS: Creating online subsystem instance for: NULL
LogInit: WinSock: version 1.1 (2.2), MaxSocks=32767, MaxUdp=65467
LogInit: Build: ++UE4+Release-4.23-CL-9631420
LogInit: Engine Version: 4.23.1-9631420+++UE4+Release-4.23
LogInit: Compatible Engine Version: 4.23.0-8386587+++UE4+Release-4.23
LogInit: Net CL: 8386587
LogInit: OS: Windows 10 (Release 1903) (), CPU: AMD Ryzen 5 2600X Six-Core Processor           , GPU: NVIDIA GeForce RTX 2070
LogInit: Compiled (64-bit): Oct 18 2019 02:07:44
LogInit: Compiled with Visual C++: 19.16.27030.01
LogInit: Build Configuration: Development
LogInit: Branch Name: ++UE4+Release-4.23
LogInit: Command Line: 
LogInit: Base Directory: D:/Program Files/Epic Games/UE_4.23/Engine/Binaries/Win64/
LogInit: Installed Engine Build: 1
LogDevObjectVersion: Number of dev versions registered: 23
LogDevObjectVersion:   Dev-Blueprints (B0D832E4-1F89-4F0D-ACCF-7EB736FD4AA2): 10
LogDevObjectVersion:   Dev-Build (E1C64328-A22C-4D53-A36C-8E866417BD8C): 0
LogDevObjectVersion:   Dev-Core (375EC13C-06E4-48FB-B500-84F0262A717E): 3
LogDevObjectVersion:   Dev-Editor (E4B068ED-F494-42E9-A231-DA0B2E46BB41): 34
LogDevObjectVersion:   Dev-Framework (CFFC743F-43B0-4480-9391-14DF171D2073): 35
LogDevObjectVersion:   Dev-Mobile (B02B49B5-BB20-44E9-A304-32B752E40360): 2
LogDevObjectVersion:   Dev-Networking (A4E4105C-59A1-49B5-A7C5-40C4547EDFEE): 0
LogDevObjectVersion:   Dev-Online (39C831C9-5AE6-47DC-9A44-9C173E1C8E7C): 0
LogDevObjectVersion:   Dev-Physics (78F01B33-EBEA-4F98-B9B4-84EACCB95AA2): 0
LogDevObjectVersion:   Dev-Platform (6631380F-2D4D-43E0-8009-CF276956A95A): 0
LogDevObjectVersion:   Dev-Rendering (12F88B9F-8875-4AFC-A67C-D90C383ABD29): 31
LogDevObjectVersion:   Dev-Sequencer (7B5AE74C-D270-4C10-A958-57980B212A5A): 11
LogDevObjectVersion:   Dev-VR (D7296918-1DD6-4BDD-9DE2-64A83CC13884): 2
LogDevObjectVersion:   Dev-LoadTimes (C2A15278-BFE7-4AFE-6C17-90FF531DF755): 1
LogDevObjectVersion:   Private-Geometry (6EACA3D4-40EC-4CC1-B786-8BED09428FC5): 3
LogDevObjectVersion:   Dev-AnimPhys (29E575DD-E0A3-4627-9D10-D276232CDCEA): 17
LogDevObjectVersion:   Dev-Anim (AF43A65D-7FD3-4947-9873-3E8ED9C1BB05): 2
LogDevObjectVersion:   Dev-ReflectionCapture (6B266CEC-1EC7-4B8F-A30B-E4D90942FC07): 1
LogDevObjectVersion:   Dev-Automation (0DF73D61-A23F-47EA-B727-89E90C41499A): 1
LogDevObjectVersion:   FortniteMain (601D1886-AC64-4F84-AA16-D3DE0DEAC7D6): 27
LogDevObjectVersion:   Dev-Enterprise (9DFFBCD6-494F-0158-E221-12823C92A888): 6
LogDevObjectVersion:   Dev-Niagara (F2AED0AC-9AFE-416F-8664-AA7FFA26D6FC): 1
LogDevObjectVersion:   Dev-Destruction (174F1F0B-B4C6-45A5-B13F-2EE8D0FB917D): 9
LogInit: Presizing for max 16777216 objects, including 0 objects not considered by GC, pre-allocating 0 bytes for permanent pool.
LogInit: Object subsystem initialized
LogConfig: Setting CVar [[con.DebugEarlyDefault:1]]
LogConfig: Setting CVar [[r.setres:1280x720]]
[2020.01.15-19.15.45:326][  0]LogConfig: Setting CVar [[r.VSync:0]]
[2020.01.15-19.15.45:326][  0]LogConfig: Setting CVar [[r.RHICmdBypass:0]]
[2020.01.15-19.15.45:336][  0]LogConfig: Applying CVar settings from Section [/Script/Engine.RendererSettings] File [F:/OpenCollab/OpenCollab/OPC/Saved/Config/Windows/Engine.ini]
[2020.01.15-19.15.45:336][  0]LogConfig: Setting CVar [[r.GPUCrashDebugging:0]]
[2020.01.15-19.15.45:336][  0]LogConfig: Setting CVar [[r.DefaultFeature.AutoExposure.ExtendDefaultLuminanceRange:1]]
[2020.01.15-19.15.45:336][  0]LogConfig: Applying CVar settings from Section [/Script/Engine.RendererOverrideSettings] File [F:/OpenCollab/OpenCollab/OPC/Saved/Config/Windows/Engine.ini]
[2020.01.15-19.15.45:336][  0]LogConfig: Applying CVar settings from Section [/Script/Engine.StreamingSettings] File [F:/OpenCollab/OpenCollab/OPC/Saved/Config/Windows/Engine.ini]
[2020.01.15-19.15.45:336][  0]LogConfig: Setting CVar [[s.MinBulkDataSizeForAsyncLoading:131072]]
[2020.01.15-19.15.45:336][  0]LogConfig: Setting CVar [[s.AsyncLoadingThreadEnabled:0]]
[2020.01.15-19.15.45:336][  0]LogConfig: Setting CVar [[s.EventDrivenLoaderEnabled:1]]
[2020.01.15-19.15.45:336][  0]LogConfig: Setting CVar [[s.WarnIfTimeLimitExceeded:0]]
[2020.01.15-19.15.45:336][  0]LogConfig: Setting CVar [[s.TimeLimitExceededMultiplier:1.5]]
[2020.01.15-19.15.45:336][  0]LogConfig: Setting CVar [[s.TimeLimitExceededMinTime:0.005]]
[2020.01.15-19.15.45:336][  0]LogConfig: Setting CVar [[s.UseBackgroundLevelStreaming:1]]
[2020.01.15-19.15.45:336][  0]LogConfig: Setting CVar [[s.PriorityAsyncLoadingExtraTime:15.0]]
[2020.01.15-19.15.45:336][  0]LogConfig: Setting CVar [[s.LevelStreamingActorsUpdateTimeLimit:5.0]]
[2020.01.15-19.15.45:336][  0]LogConfig: Setting CVar [[s.PriorityLevelStreamingActorsUpdateExtraTime:5.0]]
[2020.01.15-19.15.45:336][  0]LogConfig: Setting CVar [[s.LevelStreamingComponentsRegistrationGranularity:10]]
[2020.01.15-19.15.45:336][  0]LogConfig: Setting CVar [[s.UnregisterComponentsTimeLimit:1.0]]
[2020.01.15-19.15.45:336][  0]LogConfig: Setting CVar [[s.LevelStreamingComponentsUnregistrationGranularity:5]]
[2020.01.15-19.15.45:336][  0]LogConfig: Applying CVar settings from Section [/Script/Engine.GarbageCollectionSettings] File [F:/OpenCollab/OpenCollab/OPC/Saved/Config/Windows/Engine.ini]
[2020.01.15-19.15.45:337][  0]LogConfig: Setting CVar [[gc.MaxObjectsNotConsideredByGC:1]]
[2020.01.15-19.15.45:337][  0]LogConfig: Setting CVar [[gc.SizeOfPermanentObjectPool:0]]
[2020.01.15-19.15.45:337][  0]LogConfig: Setting CVar [[gc.FlushStreamingOnGC:0]]
[2020.01.15-19.15.45:337][  0]LogConfig: Setting CVar [[gc.NumRetriesBeforeForcingGC:10]]
[2020.01.15-19.15.45:337][  0]LogConfig: Setting CVar [[gc.AllowParallelGC:1]]
[2020.01.15-19.15.45:337][  0]LogConfig: Setting CVar [[gc.TimeBetweenPurgingPendingKillObjects:61.1]]
[2020.01.15-19.15.45:337][  0]LogConfig: Setting CVar [[gc.MaxObjectsInEditor:16777216]]
[2020.01.15-19.15.45:337][  0]LogConfig: Setting CVar [[gc.IncrementalBeginDestroyEnabled:1]]
[2020.01.15-19.15.45:337][  0]LogConfig: Setting CVar [[gc.CreateGCClusters:1]]
[2020.01.15-19.15.45:337][  0]LogConfig: Setting CVar [[gc.MinGCClusterSize:5]]
[2020.01.15-19.15.45:337][  0]LogConfig: Setting CVar [[gc.ActorClusteringEnabled:0]]
[2020.01.15-19.15.45:337][  0]LogConfig: Setting CVar [[gc.BlueprintClusteringEnabled:0]]
[2020.01.15-19.15.45:337][  0]LogConfig: Setting CVar [[gc.UseDisregardForGCOnDedicatedServers:0]]
[2020.01.15-19.15.45:337][  0]LogConfig: Applying CVar settings from Section [/Script/Engine.NetworkSettings] File [F:/OpenCollab/OpenCollab/OPC/Saved/Config/Windows/Engine.ini]
[2020.01.15-19.15.45:337][  0]LogConfig: Applying CVar settings from Section [/Script/UnrealEd.CookerSettings] File [F:/OpenCollab/OpenCollab/OPC/Saved/Config/Windows/Engine.ini]
[2020.01.15-19.15.45:400][  0]LogConfig: Applying CVar settings from Section [ViewDistanceQuality@3] File [F:/OpenCollab/OpenCollab/OPC/Saved/Config/Windows/Scalability.ini]
[2020.01.15-19.15.45:400][  0]LogConfig: Setting CVar [[r.SkeletalMeshLODBias:0]]
[2020.01.15-19.15.45:400][  0]LogConfig: Setting CVar [[r.ViewDistanceScale:1.0]]
[2020.01.15-19.15.45:400][  0]LogConfig: Applying CVar settings from Section [AntiAliasingQuality@3] File [F:/OpenCollab/OpenCollab/OPC/Saved/Config/Windows/Scalability.ini]
[2020.01.15-19.15.45:400][  0]LogConfig: Setting CVar [[r.PostProcessAAQuality:4]]
[2020.01.15-19.15.45:400][  0]LogConfig: Applying CVar settings from Section [ShadowQuality@3] File [F:/OpenCollab/OpenCollab/OPC/Saved/Config/Windows/Scalability.ini]
[2020.01.15-19.15.45:400][  0]LogConfig: Setting CVar [[r.LightFunctionQuality:1]]
[2020.01.15-19.15.45:400][  0]LogConfig: Setting CVar [[r.ShadowQuality:5]]
[2020.01.15-19.15.45:400][  0]LogConfig: Setting CVar [[r.Shadow.CSM.MaxCascades:10]]
[2020.01.15-19.15.45:400][  0]LogConfig: Setting CVar [[r.Shadow.MaxResolution:2048]]
[2020.01.15-19.15.45:401][  0]LogConfig: Setting CVar [[r.Shadow.MaxCSMResolution:2048]]
[2020.01.15-19.15.45:401][  0]LogConfig: Setting CVar [[r.Shadow.RadiusThreshold:0.01]]
[2020.01.15-19.15.45:401][  0]LogConfig: Setting CVar [[r.Shadow.DistanceScale:1.0]]
[2020.01.15-19.15.45:401][  0]LogConfig: Setting CVar [[r.Shadow.CSM.TransitionScale:1.0]]
[2020.01.15-19.15.45:401][  0]LogConfig: Setting CVar [[r.Shadow.PreShadowResolutionFactor:1.0]]
[2020.01.15-19.15.45:401][  0]LogConfig: Setting CVar [[r.DistanceFieldShadowing:1]]
[2020.01.15-19.15.45:401][  0]LogConfig: Setting CVar [[r.DistanceFieldAO:1]]
[2020.01.15-19.15.45:401][  0]LogConfig: Setting CVar [[r.AOQuality:2]]
[2020.01.15-19.15.45:401][  0]LogConfig: Setting CVar [[r.VolumetricFog:1]]
[2020.01.15-19.15.45:401][  0]LogConfig: Setting CVar [[r.VolumetricFog.GridPixelSize:8]]
[2020.01.15-19.15.45:401][  0]LogConfig: Setting CVar [[r.VolumetricFog.GridSizeZ:128]]
[2020.01.15-19.15.45:401][  0]LogConfig: Setting CVar [[r.VolumetricFog.HistoryMissSupersampleCount:4]]
[2020.01.15-19.15.45:401][  0]LogConfig: Setting CVar [[r.LightMaxDrawDistanceScale:1]]
[2020.01.15-19.15.45:401][  0]LogConfig: Setting CVar [[r.CapsuleShadows:1]]
[2020.01.15-19.15.45:401][  0]LogConfig: Applying CVar settings from Section [PostProcessQuality@3] File [F:/OpenCollab/OpenCollab/OPC/Saved/Config/Windows/Scalability.ini]
[2020.01.15-19.15.45:401][  0]LogConfig: Setting CVar [[r.MotionBlurQuality:4]]
[2020.01.15-19.15.45:401][  0]LogConfig: Setting CVar [[r.AmbientOcclusionMipLevelFactor:0.4]]
[2020.01.15-19.15.45:401][  0]LogConfig: Setting CVar [[r.AmbientOcclusionMaxQuality:100]]
[2020.01.15-19.15.45:401][  0]LogConfig: Setting CVar [[r.AmbientOcclusionLevels:-1]]
[2020.01.15-19.15.45:401][  0]LogConfig: Setting CVar [[r.AmbientOcclusionRadiusScale:1.0]]
[2020.01.15-19.15.45:401][  0]LogConfig: Setting CVar [[r.DepthOfFieldQuality:2]]
[2020.01.15-19.15.45:401][  0]LogConfig: Setting CVar [[r.RenderTargetPoolMin:400]]
[2020.01.15-19.15.45:401][  0]LogConfig: Setting CVar [[r.LensFlareQuality:2]]
[2020.01.15-19.15.45:401][  0]LogConfig: Setting CVar [[r.SceneColorFringeQuality:1]]
[2020.01.15-19.15.45:401][  0]LogConfig: Setting CVar [[r.EyeAdaptationQuality:2]]
[2020.01.15-19.15.45:401][  0]LogConfig: Setting CVar [[r.BloomQuality:5]]
[2020.01.15-19.15.45:401][  0]LogConfig: Setting CVar [[r.FastBlurThreshold:100]]
[2020.01.15-19.15.45:401][  0]LogConfig: Setting CVar [[r.Upscale.Quality:3]]
[2020.01.15-19.15.45:401][  0]LogConfig: Setting CVar [[r.Tonemapper.GrainQuantization:1]]
[2020.01.15-19.15.45:401][  0]LogConfig: Setting CVar [[r.LightShaftQuality:1]]
[2020.01.15-19.15.45:401][  0]LogConfig: Setting CVar [[r.Filter.SizeScale:1]]
[2020.01.15-19.15.45:401][  0]LogConfig: Setting CVar [[r.Tonemapper.Quality:5]]
[2020.01.15-19.15.45:401][  0]LogConfig: Setting CVar [[r.DOF.Gather.AccumulatorQuality:1        ; higher gathering accumulator quality]]
[2020.01.15-19.15.45:401][  0]LogConfig: Setting CVar [[r.DOF.Gather.PostfilterMethod:1          ; Median3x3 postfilering method]]
[2020.01.15-19.15.45:401][  0]LogConfig: Setting CVar [[r.DOF.Gather.EnableBokehSettings:0       ; no bokeh simulation when gathering]]
[2020.01.15-19.15.45:401][  0]LogConfig: Setting CVar [[r.DOF.Gather.RingCount:4                 ; medium number of samples when gathering]]
[2020.01.15-19.15.45:401][  0]LogConfig: Setting CVar [[r.DOF.Scatter.ForegroundCompositing:1    ; additive foreground scattering]]
[2020.01.15-19.15.45:401][  0]LogConfig: Setting CVar [[r.DOF.Scatter.BackgroundCompositing:2    ; additive background scattering]]
[2020.01.15-19.15.45:401][  0]LogConfig: Setting CVar [[r.DOF.Scatter.EnableBokehSettings:1      ; bokeh simulation when scattering]]
[2020.01.15-19.15.45:401][  0]LogConfig: Setting CVar [[r.DOF.Scatter.MaxSpriteRatio:0.1         ; only a maximum of 10% of scattered bokeh]]
[2020.01.15-19.15.45:401][  0]LogConfig: Setting CVar [[r.DOF.Recombine.Quality:1                ; cheap slight out of focus]]
[2020.01.15-19.15.45:401][  0]LogConfig: Setting CVar [[r.DOF.Recombine.EnableBokehSettings:0    ; no bokeh simulation on slight out of focus]]
[2020.01.15-19.15.45:401][  0]LogConfig: Setting CVar [[r.DOF.TemporalAAQuality:1                ; more stable temporal accumulation]]
[2020.01.15-19.15.45:401][  0]LogConfig: Setting CVar [[r.DOF.Kernel.MaxForegroundRadius:0.025]]
[2020.01.15-19.15.45:401][  0]LogConfig: Setting CVar [[r.DOF.Kernel.MaxBackgroundRadius:0.025]]
[2020.01.15-19.15.45:401][  0]LogConfig: Applying CVar settings from Section [TextureQuality@3] File [F:/OpenCollab/OpenCollab/OPC/Saved/Config/Windows/Scalability.ini]
[2020.01.15-19.15.45:401][  0]LogConfig: Setting CVar [[r.Streaming.MipBias:0]]
[2020.01.15-19.15.45:401][  0]LogConfig: Setting CVar [[r.Streaming.AmortizeCPUToGPUCopy:0]]
[2020.01.15-19.15.45:401][  0]LogConfig: Setting CVar [[r.Streaming.MaxNumTexturesToStreamPerFrame:0]]
[2020.01.15-19.15.45:401][  0]LogConfig: Setting CVar [[r.Streaming.Boost:1]]
[2020.01.15-19.15.45:401][  0]LogConfig: Setting CVar [[r.MaxAnisotropy:8]]
[2020.01.15-19.15.45:401][  0]LogConfig: Setting CVar [[r.Streaming.LimitPoolSizeToVRAM:0]]
[2020.01.15-19.15.45:401][  0]LogConfig: Setting CVar [[r.Streaming.PoolSize:1000]]
[2020.01.15-19.15.45:401][  0]LogConfig: Setting CVar [[r.Streaming.MaxEffectiveScreenSize:0]]
[2020.01.15-19.15.45:401][  0]LogConfig: Applying CVar settings from Section [EffectsQuality@3] File [F:/OpenCollab/OpenCollab/OPC/Saved/Config/Windows/Scalability.ini]
[2020.01.15-19.15.45:401][  0]LogConfig: Setting CVar [[r.TranslucencyLightingVolumeDim:64]]
[2020.01.15-19.15.45:401][  0]LogConfig: Setting CVar [[r.RefractionQuality:2]]
[2020.01.15-19.15.45:401][  0]LogConfig: Setting CVar [[r.SSR.Quality:3]]
[2020.01.15-19.15.45:401][  0]LogConfig: Setting CVar [[r.SceneColorFormat:4]]
[2020.01.15-19.15.45:401][  0]LogConfig: Setting CVar [[r.DetailMode:2]]
[2020.01.15-19.15.45:401][  0]LogConfig: Setting CVar [[r.TranslucencyVolumeBlur:1]]
[2020.01.15-19.15.45:401][  0]LogConfig: Setting CVar [[r.MaterialQualityLevel:1 ; High quality]]
[2020.01.15-19.15.45:401][  0]LogConfig: Setting CVar [[r.SSS.Scale:1]]
[2020.01.15-19.15.45:401][  0]LogConfig: Setting CVar [[r.SSS.SampleSet:2]]
[2020.01.15-19.15.45:401][  0]LogConfig: Setting CVar [[r.SSS.Quality:1]]
[2020.01.15-19.15.45:401][  0]LogConfig: Setting CVar [[r.SSS.HalfRes:1]]
[2020.01.15-19.15.45:401][  0]LogConfig: Setting CVar [[r.EmitterSpawnRateScale:1.0]]
[2020.01.15-19.15.45:401][  0]LogConfig: Setting CVar [[r.ParticleLightQuality:2]]
[2020.01.15-19.15.45:401][  0]LogConfig: Applying CVar settings from Section [FoliageQuality@3] File [F:/OpenCollab/OpenCollab/OPC/Saved/Config/Windows/Scalability.ini]
[2020.01.15-19.15.45:401][  0]LogConfig: Setting CVar [[foliage.DensityScale:1.0]]
[2020.01.15-19.15.45:401][  0]LogConfig: Setting CVar [[grass.DensityScale:1.0]]
[2020.01.15-19.15.45:413][  0]LogInit: Selected Device Profile: [Windows]
[2020.01.15-19.15.45:418][  0]LogInit: Applying CVar settings loaded from the selected device profile: [Windows]
[2020.01.15-19.15.45:429][  0]LogHAL: Display: Platform has ~ 32 GB [34304376832 / 34359738368 / 32], which maps to Largest [LargestMinGB=32, LargerMinGB=12, DefaultMinGB=8, SmallerMinGB=6, SmallestMinGB=0)
[2020.01.15-19.15.45:429][  0]LogInit: Going up to parent DeviceProfile []
[2020.01.15-19.15.45:430][  0]LogConfig: Applying CVar settings from Section [ViewDistanceQuality@Cine] File [F:/OpenCollab/OpenCollab/OPC/Saved/Config/Windows/Scalability.ini]
[2020.01.15-19.15.45:430][  0]LogConfig: Setting CVar [[r.SkeletalMeshLODBias:0]]
[2020.01.15-19.15.45:430][  0]LogConfig: Setting CVar [[r.ViewDistanceScale:10.0]]
[2020.01.15-19.15.45:430][  0]LogConfig: Applying CVar settings from Section [AntiAliasingQuality@Cine] File [F:/OpenCollab/OpenCollab/OPC/Saved/Config/Windows/Scalability.ini]
[2020.01.15-19.15.45:430][  0]LogConfig: Setting CVar [[r.PostProcessAAQuality:6]]
[2020.01.15-19.15.45:430][  0]LogConfig: Applying CVar settings from Section [ShadowQuality@Cine] File [F:/OpenCollab/OpenCollab/OPC/Saved/Config/Windows/Scalability.ini]
[2020.01.15-19.15.45:430][  0]LogConfig: Setting CVar [[r.LightFunctionQuality:1]]
[2020.01.15-19.15.45:430][  0]LogConfig: Setting CVar [[r.ShadowQuality:5]]
[2020.01.15-19.15.45:430][  0]LogConfig: Setting CVar [[r.Shadow.CSM.MaxCascades:10]]
[2020.01.15-19.15.45:430][  0]LogConfig: Setting CVar [[r.Shadow.MaxResolution:4096]]
[2020.01.15-19.15.45:430][  0]LogConfig: Setting CVar [[r.Shadow.MaxCSMResolution:4096]]
[2020.01.15-19.15.45:430][  0]LogConfig: Setting CVar [[r.Shadow.RadiusThreshold:0]]
[2020.01.15-19.15.45:430][  0]LogConfig: Setting CVar [[r.Shadow.DistanceScale:1.0]]
[2020.01.15-19.15.45:430][  0]LogConfig: Setting CVar [[r.Shadow.CSM.TransitionScale:1.0]]
[2020.01.15-19.15.45:430][  0]LogConfig: Setting CVar [[r.Shadow.PreShadowResolutionFactor:1.0]]
[2020.01.15-19.15.45:430][  0]LogConfig: Setting CVar [[r.DistanceFieldShadowing:1]]
[2020.01.15-19.15.45:430][  0]LogConfig: Setting CVar [[r.DistanceFieldAO:1]]
[2020.01.15-19.15.45:430][  0]LogConfig: Setting CVar [[r.AOQuality:2]]
[2020.01.15-19.15.45:430][  0]LogConfig: Setting CVar [[r.VolumetricFog:1]]
[2020.01.15-19.15.45:430][  0]LogConfig: Setting CVar [[r.VolumetricFog.GridPixelSize:4]]
[2020.01.15-19.15.45:430][  0]LogConfig: Setting CVar [[r.VolumetricFog.GridSizeZ:128]]
[2020.01.15-19.15.45:430][  0]LogConfig: Setting CVar [[r.VolumetricFog.HistoryMissSupersampleCount:16]]
[2020.01.15-19.15.45:430][  0]LogConfig: Setting CVar [[r.LightMaxDrawDistanceScale:1]]
[2020.01.15-19.15.45:430][  0]LogConfig: Setting CVar [[r.CapsuleShadows:1]]
[2020.01.15-19.15.45:430][  0]LogConfig: Applying CVar settings from Section [PostProcessQuality@Cine] File [F:/OpenCollab/OpenCollab/OPC/Saved/Config/Windows/Scalability.ini]
[2020.01.15-19.15.45:430][  0]LogConfig: Setting CVar [[r.MotionBlurQuality:4]]
[2020.01.15-19.15.45:430][  0]LogConfig: Setting CVar [[r.AmbientOcclusionMipLevelFactor:0.4]]
[2020.01.15-19.15.45:430][  0]LogConfig: Setting CVar [[r.AmbientOcclusionMaxQuality:100]]
[2020.01.15-19.15.45:430][  0]LogConfig: Setting CVar [[r.AmbientOcclusionLevels:-1]]
[2020.01.15-19.15.45:430][  0]LogConfig: Setting CVar [[r.AmbientOcclusionRadiusScale:1.0]]
[2020.01.15-19.15.45:430][  0]LogConfig: Setting CVar [[r.DepthOfFieldQuality:4]]
[2020.01.15-19.15.45:430][  0]LogConfig: Setting CVar [[r.RenderTargetPoolMin:1000]]
[2020.01.15-19.15.45:430][  0]LogConfig: Setting CVar [[r.LensFlareQuality:3]]
[2020.01.15-19.15.45:430][  0]LogConfig: Setting CVar [[r.SceneColorFringeQuality:1]]
[2020.01.15-19.15.45:430][  0]LogConfig: Setting CVar [[r.EyeAdaptationQuality:2]]
[2020.01.15-19.15.45:430][  0]LogConfig: Setting CVar [[r.BloomQuality:5]]
[2020.01.15-19.15.45:430][  0]LogConfig: Setting CVar [[r.FastBlurThreshold:100]]
[2020.01.15-19.15.45:430][  0]LogConfig: Setting CVar [[r.Upscale.Quality:3]]
[2020.01.15-19.15.45:430][  0]LogConfig: Setting CVar [[r.Tonemapper.GrainQuantization:1]]
[2020.01.15-19.15.45:430][  0]LogConfig: Setting CVar [[r.LightShaftQuality:1]]
[2020.01.15-19.15.45:430][  0]LogConfig: Setting CVar [[r.Filter.SizeScale:1]]
[2020.01.15-19.15.45:430][  0]LogConfig: Setting CVar [[r.Tonemapper.Quality:5]]
[2020.01.15-19.15.45:430][  0]LogConfig: Setting CVar [[r.DOF.Gather.AccumulatorQuality:1        ; higher gathering accumulator quality]]
[2020.01.15-19.15.45:430][  0]LogConfig: Setting CVar [[r.DOF.Gather.PostfilterMethod:1          ; Median3x3 postfilering method]]
[2020.01.15-19.15.45:430][  0]LogConfig: Setting CVar [[r.DOF.Gather.EnableBokehSettings:1       ; bokeh simulation when gathering]]
[2020.01.15-19.15.45:430][  0]LogConfig: Setting CVar [[r.DOF.Gather.RingCount:5                 ; high number of samples when gathering]]
[2020.01.15-19.15.45:430][  0]LogConfig: Setting CVar [[r.DOF.Scatter.ForegroundCompositing:1    ; additive foreground scattering]]
[2020.01.15-19.15.45:430][  0]LogConfig: Setting CVar [[r.DOF.Scatter.BackgroundCompositing:2    ; background scattering occlusion]]
[2020.01.15-19.15.45:430][  0]LogConfig: Setting CVar [[r.DOF.Scatter.EnableBokehSettings:1      ; no bokeh simulation when scattering]]
[2020.01.15-19.15.45:430][  0]LogConfig: Setting CVar [[r.DOF.Scatter.MaxSpriteRatio:0.25        ; only a maximum of 10% of scattered bokeh]]
[2020.01.15-19.15.45:430][  0]LogConfig: Setting CVar [[r.DOF.Recombine.Quality:2                ; highest slight out of focus]]
[2020.01.15-19.15.45:430][  0]LogConfig: Setting CVar [[r.DOF.Recombine.EnableBokehSettings:1    ; bokeh simulation on slight out of focus]]
[2020.01.15-19.15.45:430][  0]LogConfig: Setting CVar [[r.DOF.TemporalAAQuality:1                ; more stable temporal accumulation]]
[2020.01.15-19.15.45:430][  0]LogConfig: Setting CVar [[r.DOF.Kernel.MaxForegroundRadius:0.025]]
[2020.01.15-19.15.45:430][  0]LogConfig: Setting CVar [[r.DOF.Kernel.MaxBackgroundRadius:0.025]]
[2020.01.15-19.15.45:430][  0]LogConfig: Applying CVar settings from Section [TextureQuality@Cine] File [F:/OpenCollab/OpenCollab/OPC/Saved/Config/Windows/Scalability.ini]
[2020.01.15-19.15.45:430][  0]LogConfig: Setting CVar [[r.Streaming.MipBias:0]]
[2020.01.15-19.15.45:430][  0]LogConfig: Setting CVar [[r.Streaming.AmortizeCPUToGPUCopy:0]]
[2020.01.15-19.15.45:431][  0]LogConfig: Setting CVar [[r.Streaming.MaxNumTexturesToStreamPerFrame:0]]
[2020.01.15-19.15.45:431][  0]LogConfig: Setting CVar [[r.Streaming.Boost:1]]
[2020.01.15-19.15.45:431][  0]LogConfig: Setting CVar [[r.MaxAnisotropy:8]]
[2020.01.15-19.15.45:431][  0]LogConfig: Setting CVar [[r.Streaming.LimitPoolSizeToVRAM:0]]
[2020.01.15-19.15.45:431][  0]LogConfig: Setting CVar [[r.Streaming.PoolSize:3000]]
[2020.01.15-19.15.45:431][  0]LogConfig: Setting CVar [[r.Streaming.MaxEffectiveScreenSize:0]]
[2020.01.15-19.15.45:431][  0]LogConfig: Applying CVar settings from Section [EffectsQuality@Cine] File [F:/OpenCollab/OpenCollab/OPC/Saved/Config/Windows/Scalability.ini]
[2020.01.15-19.15.45:431][  0]LogConfig: Setting CVar [[r.TranslucencyLightingVolumeDim:64]]
[2020.01.15-19.15.45:431][  0]LogConfig: Setting CVar [[r.RefractionQuality:2]]
[2020.01.15-19.15.45:431][  0]LogConfig: Setting CVar [[r.SSR.Quality:4]]
[2020.01.15-19.15.45:431][  0]LogConfig: Setting CVar [[r.SceneColorFormat:4]]
[2020.01.15-19.15.45:431][  0]LogConfig: Setting CVar [[r.DetailMode:2]]
[2020.01.15-19.15.45:431][  0]LogConfig: Setting CVar [[r.TranslucencyVolumeBlur:1]]
[2020.01.15-19.15.45:431][  0]LogConfig: Setting CVar [[r.MaterialQualityLevel:1 ; High quality]]
[2020.01.15-19.15.45:431][  0]LogConfig: Setting CVar [[r.SSS.Scale:1]]
[2020.01.15-19.15.45:431][  0]LogConfig: Setting CVar [[r.SSS.SampleSet:2]]
[2020.01.15-19.15.45:431][  0]LogConfig: Setting CVar [[r.SSS.Quality:1]]
[2020.01.15-19.15.45:431][  0]LogConfig: Setting CVar [[r.SSS.HalfRes:0]]
[2020.01.15-19.15.45:431][  0]LogConfig: Setting CVar [[r.EmitterSpawnRateScale:1.0]]
[2020.01.15-19.15.45:431][  0]LogConfig: Setting CVar [[r.ParticleLightQuality:2]]
[2020.01.15-19.15.45:431][  0]LogConfig: Applying CVar settings from Section [FoliageQuality@Cine] File [F:/OpenCollab/OpenCollab/OPC/Saved/Config/Windows/Scalability.ini]
[2020.01.15-19.15.45:431][  0]LogConfig: Setting CVar [[foliage.DensityScale:1.0]]
[2020.01.15-19.15.45:431][  0]LogConfig: Setting CVar [[grass.DensityScale:1.0]]
[2020.01.15-19.15.45:431][  0]LogConfig: Applying CVar settings from Section [Startup] File [../../../Engine/Config/ConsoleVariables.ini]
[2020.01.15-19.15.45:435][  0]LogConfig: Setting CVar [[net.UseAdaptiveNetUpdateFrequency:0]]
[2020.01.15-19.15.45:435][  0]LogConfig: Setting CVar [[p.chaos.AllowCreatePhysxBodies:1]]
[2020.01.15-19.15.45:435][  0]LogConfig: Applying CVar settings from Section [ConsoleVariables] File [F:/OpenCollab/OpenCollab/OPC/Saved/Config/Windows/Engine.ini]
[2020.01.15-19.15.45:460][  0]LogInit: Computer: DESKTOP-6IGSV6I
[2020.01.15-19.15.45:460][  0]LogInit: User: daveo
[2020.01.15-19.15.45:460][  0]LogInit: CPU Page size=4096, Cores=6
[2020.01.15-19.15.45:460][  0]LogInit: High frequency timer resolution =10.000000 MHz
[2020.01.15-19.15.45:461][  0]LogMemory: Memory total: Physical=31.9GB (32GB approx)
[2020.01.15-19.15.45:461][  0]LogMemory: Platform Memory Stats for Windows
[2020.01.15-19.15.45:461][  0]LogMemory: Process Physical Memory: 110.30 MB used, 110.30 MB peak
[2020.01.15-19.15.45:461][  0]LogMemory: Process Virtual Memory: 109.92 MB used, 109.92 MB peak
[2020.01.15-19.15.45:461][  0]LogMemory: Physical Memory: 5411.87 MB used,  27303.33 MB free, 32715.20 MB total
[2020.01.15-19.15.45:461][  0]LogMemory: Virtual Memory: 4714.08 MB used,  134213016.00 MB free, 134217728.00 MB total
[2020.01.15-19.15.45:466][  0]LogWindows: WindowsPlatformFeatures enabled
[2020.01.15-19.15.45:987][  0]LogInit: Using OS detected language (en-US).
[2020.01.15-19.15.45:987][  0]LogInit: Using OS detected locale (en-US).
[2020.01.15-19.15.46:045][  0]LogTextLocalizationManager: No specific localization for 'en-US' exists, so the 'en' localization will be used.
[2020.01.15-19.15.46:517][  0]LogInit: Setting process to per monitor DPI aware
[2020.01.15-19.15.47:019][  0]LogSlate: New Slate User Created.  User Index 0, Is Virtual User: 0
[2020.01.15-19.15.47:019][  0]LogSlate: Slate User Registered.  User Index 0, Is Virtual User: 0
[2020.01.15-19.15.47:635][  0]LogD3D11RHI: D3D11 adapters:
[2020.01.15-19.15.47:742][  0]LogD3D11RHI:    0. 'NVIDIA GeForce RTX 2070' (Feature Level 11_0)
[2020.01.15-19.15.47:742][  0]LogD3D11RHI:       8031/0/16357 MB DedicatedVideo/DedicatedSystem/SharedSystem, Outputs:2, VendorId:0x10de
[2020.01.15-19.15.47:744][  0]LogD3D11RHI:    1. 'Microsoft Basic Render Driver' (Feature Level 11_0)
[2020.01.15-19.15.47:744][  0]LogD3D11RHI:       0/0/16357 MB DedicatedVideo/DedicatedSystem/SharedSystem, Outputs:0, VendorId:0x1414
[2020.01.15-19.15.47:744][  0]LogD3D11RHI: Chosen D3D11 Adapter: 0
[2020.01.15-19.15.47:762][  0]LogD3D11RHI: Creating new Direct3DDevice
[2020.01.15-19.15.47:763][  0]LogD3D11RHI:     GPU DeviceId: 0x1f07 (for the marketing name, search the web for "GPU Device Id")
[2020.01.15-19.15.47:763][  0]LogWindows: EnumDisplayDevices:
[2020.01.15-19.15.47:763][  0]LogWindows:    0. 'NVIDIA GeForce RTX 2070' (P:1 D:1)
[2020.01.15-19.15.47:763][  0]LogWindows:    1. 'NVIDIA GeForce RTX 2070' (P:0 D:1)
[2020.01.15-19.15.47:763][  0]LogWindows:    2. 'NVIDIA GeForce RTX 2070' (P:0 D:0)
[2020.01.15-19.15.47:764][  0]LogWindows:    3. 'NVIDIA GeForce RTX 2070' (P:0 D:0)
[2020.01.15-19.15.47:764][  0]LogWindows: DebugString: FoundDriverCount:4 
[2020.01.15-19.15.47:764][  0]LogD3D11RHI:     Adapter Name: NVIDIA GeForce RTX 2070
[2020.01.15-19.15.47:764][  0]LogD3D11RHI:   Driver Version: 430.86 (internal:26.21.14.3086, unified:430.86)
[2020.01.15-19.15.47:764][  0]LogD3D11RHI:      Driver Date: 5-22-2019
[2020.01.15-19.15.47:764][  0]LogRHI: Texture pool is 5621 MB (70% of 8031 MB)
[2020.01.15-19.15.47:827][  0]LogD3D11RHI: Async texture creation enabled
[2020.01.15-19.15.47:998][  0]LogD3D11RHI: GPU Timing Frequency: 1000.000000 (Debug: 2 1)
[2020.01.15-19.15.48:098][  0]LogD3D11RHI: HDR output is supported on display 0 (NvId: 0x80061080).
[2020.01.15-19.15.48:670][  0]LogTemp: Display: Module 'AllDesktopTargetPlatform' loaded TargetPlatform 'AllDesktop'
[2020.01.15-19.15.48:696][  0]LogTemp: Display: Module 'MacClientTargetPlatform' loaded TargetPlatform 'MacClient'
[2020.01.15-19.15.48:704][  0]LogTemp: Display: Module 'MacNoEditorTargetPlatform' loaded TargetPlatform 'MacNoEditor'
[2020.01.15-19.15.48:712][  0]LogTemp: Display: Module 'MacServerTargetPlatform' loaded TargetPlatform 'MacServer'
[2020.01.15-19.15.48:729][  0]LogTemp: Display: Module 'MacTargetPlatform' loaded TargetPlatform 'Mac'
[2020.01.15-19.15.48:755][  0]LogTemp: Display: Module 'WindowsClientTargetPlatform' loaded TargetPlatform 'WindowsClient'
[2020.01.15-19.15.48:764][  0]LogTemp: Display: Module 'WindowsNoEditorTargetPlatform' loaded TargetPlatform 'WindowsNoEditor'
[2020.01.15-19.15.48:782][  0]LogTemp: Display: Module 'WindowsServerTargetPlatform' loaded TargetPlatform 'WindowsServer'
[2020.01.15-19.15.48:787][  0]LogTemp: Display: Module 'WindowsTargetPlatform' loaded TargetPlatform 'Windows'
[2020.01.15-19.15.48:835][  0]LogTemp: Display: Module 'AndroidTargetPlatform' loaded TargetPlatform 'Android'
[2020.01.15-19.15.48:835][  0]LogTemp: Display: Module 'AndroidTargetPlatform' loaded TargetPlatform 'Android_ASTC'
[2020.01.15-19.15.48:835][  0]LogTemp: Display: Module 'AndroidTargetPlatform' loaded TargetPlatform 'Android_ATC'
[2020.01.15-19.15.48:835][  0]LogTemp: Display: Module 'AndroidTargetPlatform' loaded TargetPlatform 'Android_DXT'
[2020.01.15-19.15.48:835][  0]LogTemp: Display: Module 'AndroidTargetPlatform' loaded TargetPlatform 'Android_ETC1'
[2020.01.15-19.15.48:835][  0]LogTemp: Display: Module 'AndroidTargetPlatform' loaded TargetPlatform 'Android_ETC1a'
[2020.01.15-19.15.48:835][  0]LogTemp: Display: Module 'AndroidTargetPlatform' loaded TargetPlatform 'Android_ETC2'
[2020.01.15-19.15.48:835][  0]LogTemp: Display: Module 'AndroidTargetPlatform' loaded TargetPlatform 'Android_PVRTC'
[2020.01.15-19.15.48:835][  0]LogTemp: Display: Module 'AndroidTargetPlatform' loaded TargetPlatform 'AndroidClient'
[2020.01.15-19.15.48:835][  0]LogTemp: Display: Module 'AndroidTargetPlatform' loaded TargetPlatform 'Android_ASTCClient'
[2020.01.15-19.15.48:835][  0]LogTemp: Display: Module 'AndroidTargetPlatform' loaded TargetPlatform 'Android_ATCClient'
[2020.01.15-19.15.48:835][  0]LogTemp: Display: Module 'AndroidTargetPlatform' loaded TargetPlatform 'Android_DXTClient'
[2020.01.15-19.15.48:835][  0]LogTemp: Display: Module 'AndroidTargetPlatform' loaded TargetPlatform 'Android_ETC1Client'
[2020.01.15-19.15.48:835][  0]LogTemp: Display: Module 'AndroidTargetPlatform' loaded TargetPlatform 'Android_ETC1aClient'
[2020.01.15-19.15.48:835][  0]LogTemp: Display: Module 'AndroidTargetPlatform' loaded TargetPlatform 'Android_ETC2Client'
[2020.01.15-19.15.48:835][  0]LogTemp: Display: Module 'AndroidTargetPlatform' loaded TargetPlatform 'Android_PVRTCClient'
[2020.01.15-19.15.48:835][  0]LogTemp: Display: Module 'AndroidTargetPlatform' loaded TargetPlatform 'Android_Multi'
[2020.01.15-19.15.48:835][  0]LogTemp: Display: Module 'AndroidTargetPlatform' loaded TargetPlatform 'Android_MultiClient'
[2020.01.15-19.15.48:847][  0]LogTemp: Display: Module 'HTML5TargetPlatform' loaded TargetPlatform 'HTML5'
[2020.01.15-19.15.48:895][  0]LogTemp: Display: Module 'IOSTargetPlatform' loaded TargetPlatform 'IOSClient'
[2020.01.15-19.15.48:895][  0]LogTemp: Display: Module 'IOSTargetPlatform' loaded TargetPlatform 'IOS'
[2020.01.15-19.15.48:914][  0]LogTemp: Display: Module 'TVOSTargetPlatform' loaded TargetPlatform 'TVOSClient'
[2020.01.15-19.15.48:914][  0]LogTemp: Display: Module 'TVOSTargetPlatform' loaded TargetPlatform 'TVOS'
[2020.01.15-19.15.48:929][  0]LogTemp: Display: Module 'LinuxClientTargetPlatform' loaded TargetPlatform 'LinuxClient'
[2020.01.15-19.15.48:937][  0]LogTemp: Display: Module 'LinuxNoEditorTargetPlatform' loaded TargetPlatform 'LinuxNoEditor'
[2020.01.15-19.15.48:945][  0]LogTemp: Display: Module 'LinuxServerTargetPlatform' loaded TargetPlatform 'LinuxServer'
[2020.01.15-19.15.48:954][  0]LogTemp: Display: Module 'LinuxTargetPlatform' loaded TargetPlatform 'Linux'
[2020.01.15-19.15.48:994][  0]LogTemp: Display: Module 'LuminTargetPlatform' loaded TargetPlatform 'Lumin'
[2020.01.15-19.15.48:994][  0]LogTemp: Display: Module 'LuminTargetPlatform' loaded TargetPlatform 'LuminClient'
[2020.01.15-19.15.48:994][  0]LogTargetPlatformManager: Display: Building Assets For Windows
[2020.01.15-19.15.49:080][  0]LogAudioDebug: Display: Lib vorbis DLL was dynamically loaded.
[2020.01.15-19.15.49:537][  0]LogShaderCompilers: Guid format shader working directory is 19 characters bigger than the processId version (F:/OpenCollab/OpenCollab/OPC/Intermediate/Shaders/WorkingDirectory/236/).
[2020.01.15-19.15.49:537][  0]LogShaderCompilers: Cleaned the shader compiler working directory 'C:/Users/daveo/AppData/Local/Temp/UnrealShaderWorkingDir/130BA0B54D7F15823DE4599468D60DE4/'.
[2020.01.15-19.15.49:558][  0]LogXGEController: Cleaning working directory: C:/Users/daveo/AppData/Local/Temp/UnrealXGEWorkingDir/
[2020.01.15-19.15.49:558][  0]LogXGEController: Cannot use XGE Controller as Incredibuild is not installed on this machine.
[2020.01.15-19.15.49:559][  0]LogShaderCompilers: Cannot use XGE Shader Compiler as Incredibuild is not installed on this machine.
[2020.01.15-19.15.49:559][  0]LogShaderCompilers: Display: Using Local Shader Compiler.
[2020.01.15-19.15.51:855][  0]LogDerivedDataCache: Display: Max Cache Size: 512 MB
[2020.01.15-19.15.51:944][  0]LogDerivedDataCache: Loaded boot cache 0.09s 76MB C:/Users/daveo/AppData/Local/UnrealEngine/4.23/DerivedDataCache/Boot.ddc.
[2020.01.15-19.15.51:944][  0]LogDerivedDataCache: Display: Loaded Boot cache: C:/Users/daveo/AppData/Local/UnrealEngine/4.23/DerivedDataCache/Boot.ddc
[2020.01.15-19.15.51:945][  0]LogDerivedDataCache: FDerivedDataBackendGraph:  Pak pak cache file F:/OpenCollab/OpenCollab/OPC/DerivedDataCache/DDC.ddp not found, will not use a pak cache.
[2020.01.15-19.15.51:945][  0]LogDerivedDataCache: Unable to find inner node Pak for hierarchical cache Hierarchy.
[2020.01.15-19.15.51:945][  0]LogDerivedDataCache: FDerivedDataBackendGraph:  CompressedPak pak cache file F:/OpenCollab/OpenCollab/OPC/DerivedDataCache/Compressed.ddp not found, will not use a pak cache.
[2020.01.15-19.15.51:945][  0]LogDerivedDataCache: Unable to find inner node CompressedPak for hierarchical cache Hierarchy.
[2020.01.15-19.15.51:978][  0]LogDerivedDataCache: Display: Pak cache opened for reading ../../../Engine/DerivedDataCache/Compressed.ddp.
[2020.01.15-19.15.51:978][  0]LogDerivedDataCache: FDerivedDataBackendGraph:  EnterprisePak pak cache file ../../../Enterprise/DerivedDataCache/Compressed.ddp not found, will not use a pak cache.
[2020.01.15-19.15.51:978][  0]LogDerivedDataCache: Unable to find inner node EnterprisePak for hierarchical cache Hierarchy.
[2020.01.15-19.15.51:980][  0]LogDerivedDataCache: Using Local data cache path C:/Users/daveo/AppData/Local/UnrealEngine/Common/DerivedDataCache: Writable
[2020.01.15-19.15.51:980][  0]LogDerivedDataCache: Shared data cache path not found in *engine.ini, will not use an Shared cache.
[2020.01.15-19.15.51:980][  0]LogDerivedDataCache: Unable to find inner node Shared for hierarchical cache Hierarchy.
[2020.01.15-19.15.52:027][  0]LogMaterial: Verifying Global Shaders for PCD3D_SM5
[2020.01.15-19.15.52:078][  0]LogSlate: Using FreeType 2.6.0
[2020.01.15-19.15.52:170][  0]LogSlate: SlateFontServices - WITH_FREETYPE: 1, WITH_HARFBUZZ: 1
[2020.01.15-19.15.52:663][  0]LogAssetRegistry: FAssetRegistry took 0.0041 seconds to start up
[2020.01.15-19.15.59:996][  0]LogInit: Selected Device Profile: [Windows]
[2020.01.15-19.16.01:710][  0]LogMeshReduction: Using QuadricMeshReduction for automatic static mesh reduction
[2020.01.15-19.16.01:710][  0]LogMeshReduction: Using SimplygonMeshReduction for automatic skeletal mesh reduction
[2020.01.15-19.16.01:710][  0]LogMeshReduction: Using ProxyLODMeshReduction for automatic mesh merging
[2020.01.15-19.16.01:710][  0]LogMeshReduction: No distributed automatic mesh merging module available
[2020.01.15-19.16.01:723][  0]LogMeshMerging: No distributed automatic mesh merging module available
[2020.01.15-19.16.02:034][  0]LogNetVersion: OPC 1.0.0, NetCL: 8386587, EngineNetVer: 11, GameNetVer: 0 (Checksum: 3316788047)
[2020.01.15-19.16.05:072][  0]LogPackageLocalizationCache: Processed 12 localized package path(s) for 1 prioritized culture(s) in 0.080962 seconds
[2020.01.15-19.16.05:079][  0]LogUObjectArray: 43444 objects as part of root set at end of initial load.
[2020.01.15-19.16.05:080][  0]LogUObjectAllocator: 7548648 out of 0 bytes used by permanent object pool.
[2020.01.15-19.16.05:080][  0]LogUObjectArray: CloseDisregardForGC: 0/0 objects in disregard for GC pool
[2020.01.15-19.16.14:920][  0]LogTcpMessaging: Initializing TcpMessaging bridge
[2020.01.15-19.16.14:939][  0]LogUdpMessaging: Initializing bridge on interface 0.0.0.0:0 to multicast group 230.0.0.1:6666.
[2020.01.15-19.16.15:421][  0]SourceControl: Source control is disabled
[2020.01.15-19.16.15:435][  0]SourceControl: Source control is disabled
[2020.01.15-19.16.15:517][  0]SourceControl: Source control is disabled
[2020.01.15-19.16.15:525][  0]SourceControl: Source control is disabled
[2020.01.15-19.16.16:457][  0]LogAndroidPermission: UAndroidPermissionCallbackProxy::GetInstance
[2020.01.15-19.16.17:007][  0]LogOcInput: OculusInput pre-init called
[2020.01.15-19.16.18:454][  0]LogEngine: Initializing Engine...
[2020.01.15-19.16.18:477][  0]LogHMD: Oculus plugin initialized. Version: 4.23.1-9631420+++UE4+Release-4.23, OVRPlugin: 1.37.0
[2020.01.15-19.16.18:511][  0]LogStats: UGameplayTagsManager::InitializeManager -  0.026 s
[2020.01.15-19.16.19:151][  0]LogInit: Initializing FReadOnlyCVARCache
[2020.01.15-19.16.19:415][  0]LogAIModule: Creating AISystem for world Untitled
[2020.01.15-19.16.19:669][  0]LogInit: XAudio2 using 'Headset Earphone (HyperX Virtual Surround Sound)' : 2 channels at 48 kHz using 16 bits per sample (channel mask 0x3)
[2020.01.15-19.16.19:716][  0]LogInit: FAudioDevice initialized.
[2020.01.15-19.16.19:717][  0]LogNetVersion: Set ProjectVersion to 1.0.0.0. Version Checksum will be recalculated on next use.
[2020.01.15-19.16.19:769][  0]LogDerivedDataCache: Saved boot cache 0.05s 76MB C:/Users/daveo/AppData/Local/UnrealEngine/4.23/DerivedDataCache/Boot.ddc.
[2020.01.15-19.16.19:773][  0]LogInit: Texture streaming: Enabled
[2020.01.15-19.16.19:875][  0]LogEngineSessionManager: EngineSessionManager initialized
[2020.01.15-19.16.19:875][  0]LogEditorSessionSummary: Verbose: Initializing EditorSessionSummaryWriter for editor session tracking
[2020.01.15-19.16.19:885][  0]LogEditorSessionSummary: EditorSessionSummaryWriter initialized
[2020.01.15-19.16.20:075][  0]LogInit: Transaction tracking system initialized
[2020.01.15-19.16.20:377][  0]BlueprintLog: New page: Editor Load
[2020.01.15-19.16.21:201][  0]LocalizationService: Localization service is disabled
[2020.01.15-19.16.21:535][  0]LogLinker: Warning: Failed to load '/Game/WeaponComponent/WeaponComponentOverview': Can't find file.
[2020.01.15-19.16.21:535][  0]LogLinker: Warning: Failed to load '/Game/WeaponComponent/WeaponComponentOverview': Can't find file.
[2020.01.15-19.16.21:535][  0]LogUObjectGlobals: Warning: Failed to find object 'Class /Game/WeaponComponent/WeaponComponentOverview.WeaponComponentOverview_C'
[2020.01.15-19.16.24:297][  0]LogFileCache: Scanning file cache for directory 'F:/OpenCollab/OpenCollab/OPC/Content/' took 0.00s
[2020.01.15-19.16.24:297][  0]LogCook: Display: Max memory allowance for cook 16384mb min free memory 0mb
[2020.01.15-19.16.24:297][  0]LogCook: Display: Mobile HDR setting 1
[2020.01.15-19.16.32:207][  0]SourceControl: Source control is disabled
[2020.01.15-19.16.32:223][  0]Cmd: MAP LOAD FILE="F:/OpenCollab/OpenCollab/OPC/Content/StarterContent/Maps/Minimal_Default.umap" TEMPLATE=0 SHOWPROGRESS=1 FEATURELEVEL=3
[2020.01.15-19.16.32:224][  0]LightingResults: New page: Lighting Build
[2020.01.15-19.16.32:271][  0]LogWorld: UWorld::CleanupWorld for Untitled, bSessionEnded=true, bCleanupResources=true
[2020.01.15-19.16.32:350][  0]MapCheck: New page: Map Check
[2020.01.15-19.16.32:350][  0]LightingResults: New page: Lighting Build
[2020.01.15-19.16.32:529][  0]LogUObjectHash: Compacting FUObjectHashTables data took   1.54ms
[2020.01.15-19.16.33:341][  0]LogAIModule: Creating AISystem for world Minimal_Default
[2020.01.15-19.16.33:771][  0]LogEditorServer: Finished looking for orphan Actors (0.000 secs)
[2020.01.15-19.16.33:868][  0]LogUObjectHash: Compacting FUObjectHashTables data took   1.86ms
[2020.01.15-19.16.33:868][  0]Cmd: MAP CHECKDEP NOCLEARLOG
[2020.01.15-19.16.33:872][  0]MapCheck: Map check complete: 0 Error(s), 0 Warning(s), took 4.598ms to complete.
[2020.01.15-19.16.33:873][  0]LogFileHelpers: Loading map 'Minimal_Default' took 1.661
[2020.01.15-19.16.35:023][  0]LogSlate: Updating window title bar state: overlay mode, drag disabled, window buttons hidden, title bar hidden
[2020.01.15-19.16.35:045][  0]LogSlate: Updating window title bar state: overlay mode, drag disabled, window buttons hidden, title bar hidden
[2020.01.15-19.16.35:051][  0]LogSlate: Updating window title bar state: overlay mode, drag disabled, window buttons hidden, title bar hidden
[2020.01.15-19.16.35:057][  0]LogSlate: Updating window title bar state: overlay mode, drag disabled, window buttons hidden, title bar hidden
[2020.01.15-19.16.35:128][  0]LogCollectionManager: Loaded 0 collections in 0.001046 seconds
[2020.01.15-19.16.35:218][  0]LogFileCache: Scanning file cache for directory 'F:/OpenCollab/OpenCollab/OPC/Saved/Collections/' took 0.00s
[2020.01.15-19.16.35:218][  0]LogFileCache: Scanning file cache for directory 'F:/OpenCollab/OpenCollab/OPC/Content/Developers/daveo/Collections/' took 0.00s
[2020.01.15-19.16.35:218][  0]LogFileCache: Scanning file cache for directory 'F:/OpenCollab/OpenCollab/OPC/Content/Collections/' took 0.00s
[2020.01.15-19.16.35:218][  0]LogCollectionManager: Rebuilt the GUID cache for 0 collections in 0.000003 seconds
[2020.01.15-19.16.35:230][  0]LogContentBrowser: Native class hierarchy populated in 0.0086 seconds. Added 2863 classes and 680 folders.
[2020.01.15-19.16.35:286][  0]LogContentBrowser: Native class hierarchy updated for 'WidgetCarousel' in 0.0002 seconds. Added 0 classes and 0 folders.
[2020.01.15-19.16.36:279][  0]LogContentBrowser: Native class hierarchy updated for 'AddContentDialog' in 0.0002 seconds. Added 0 classes and 0 folders.
[2020.01.15-19.16.36:356][  0]LogContentBrowser: Native class hierarchy updated for 'SceneOutliner' in 0.0003 seconds. Added 1 classes and 2 folders.
[2020.01.15-19.16.38:723][  0]LogSlate: Only BGRA pngs, bmps or icos are supported in by External Image Picker
[2020.01.15-19.16.38:886][  0]LogSlate: Took 0.020582 seconds to synchronously load lazily loaded font '../../../Engine/Content/Slate/Fonts/Roboto-Regular.ttf' (155K)
[2020.01.15-19.16.38:910][  0]LogSlate: Took 0.009544 seconds to synchronously load lazily loaded font '../../../Engine/Content/Slate/Fonts/Roboto-Bold.ttf' (160K)
[2020.01.15-19.16.38:955][  0]LogSlate: Took 0.009418 seconds to synchronously load lazily loaded font '../../../Engine/Content/Editor/Slate/Fonts/FontAwesome.ttf' (139K)
[2020.01.15-19.16.39:281][  0]LogRenderer: Reallocating scene render targets to support 1924x916 Format 10 NumSamples 1 (Frame:1).
[2020.01.15-19.16.39:641][  0]LogContentBrowser: Native class hierarchy updated for 'HierarchicalLODOutliner' in 0.0003 seconds. Added 0 classes and 0 folders.
[2020.01.15-19.16.39:641][  0]LogLoad: (Engine Initialization) Total time: 65.12 seconds
[2020.01.15-19.16.39:641][  0]LogLoad: (Engine Initialization) Total Blueprint compile time: 0.00 seconds
[2020.01.15-19.16.39:684][  0]LogOcInput: OculusInput is initialized
[2020.01.15-19.16.39:855][  0]LogContentStreaming: Texture pool size now 3000 MB
[2020.01.15-19.16.41:402][ 18]LogAssetRegistry: Asset discovery search completed in 48.7396 seconds
[2020.01.15-19.16.41:405][ 18]LogCollectionManager: Rebuilt the object cache for 0 collections in 0.000004 seconds (found 0 objects)
[2020.01.15-19.16.41:405][ 18]LogCollectionManager: Fixed up redirectors for 0 collections in 0.000060 seconds (updated 0 objects)
[2020.01.15-19.16.44:107][ 27]LogSlate: FSceneViewport::OnFocusLost() reason 0
[2020.01.15-19.16.44:147][ 31]LogTemp: Repeating last play command: New Editor Window (PIE)
[2020.01.15-19.16.44:214][ 31]LogBlueprintUserMessages: Early PlayInEditor Detection: Level '/Game/StarterContent/Maps/Minimal_Default.Minimal_Default:PersistentLevel' has LevelScriptBlueprint '/Game/StarterContent/Maps/Minimal_Default.Minimal_Default:PersistentLevel.Minimal_Default' with GeneratedClass '/Game/StarterContent/Maps/Minimal_Default.Minimal_Default_C' with ClassGeneratedBy '/Game/StarterContent/Maps/Minimal_Default.Minimal_Default:PersistentLevel.Minimal_Default'
[2020.01.15-19.16.44:218][ 31]LogPlayLevel: PlayLevel: No blueprints needed recompiling
[2020.01.15-19.16.44:218][ 31]LogHMD: Initializing OVRPlugin session
[2020.01.15-19.16.49:521][ 31]LogHMD: Allocating Oculus 3296 x 1776 rendertarget swapchain
[2020.01.15-19.16.49:727][ 31]PIE: New page: PIE session: Minimal_Default (Jan 16, 2020, 5:16:49 PM)
[2020.01.15-19.16.50:479][ 31]LogOnline: OSS: Creating online subsystem instance for: NULL
[2020.01.15-19.16.50:517][ 31]LogPlayLevel: Creating play world package: /Game/StarterContent/Maps/UEDPIE_0_Minimal_Default
[2020.01.15-19.16.50:521][ 31]LogPlayLevel: PIE: StaticDuplicateObject took: (0.003565s)
[2020.01.15-19.16.50:522][ 31]LogAIModule: Creating AISystem for world Minimal_Default
[2020.01.15-19.16.50:522][ 31]LogPlayLevel: PIE: World Init took: (0.001037s)
[2020.01.15-19.16.50:522][ 31]LogPlayLevel: PIE: Created PIE world by copying editor world from /Game/StarterContent/Maps/Minimal_Default.Minimal_Default to /Game/StarterContent/Maps/UEDPIE_0_Minimal_Default.Minimal_Default (0.004803s)
[2020.01.15-19.16.50:554][ 31]LogUObjectHash: Compacting FUObjectHashTables data took   1.27ms
[2020.01.15-19.16.51:381][ 31]LogInit: XAudio2 using 'Headset Earphone (HyperX Virtual Surround Sound)' : 2 channels at 48 kHz using 16 bits per sample (channel mask 0x3)
[2020.01.15-19.16.51:394][ 31]LogInit: FAudioDevice initialized.
[2020.01.15-19.16.51:424][ 31]LogSlate: Updating window title bar state: overlay mode, drag disabled, window buttons hidden, title bar hidden
[2020.01.15-19.16.51:425][ 31]LogLoad: Game class is 'GameModeBase'
[2020.01.15-19.16.52:153][ 31]LogWorld: Bringing World /Game/StarterContent/Maps/UEDPIE_0_Minimal_Default.Minimal_Default up for play (max tick rate 0) at 2020.01.16-06.16.52
[2020.01.15-19.16.52:703][ 31]LogWorld: Bringing up level for play took: 0.865744
[2020.01.15-19.16.52:704][ 31]LogOnline: OSS: Creating online subsystem instance for: :Context_3
[2020.01.15-19.16.54:887][ 31]LogContentBrowser: Native class hierarchy updated for 'MovieSceneCapture' in 0.0003 seconds. Added 20 classes and 0 folders.
[2020.01.15-19.16.54:890][ 31]PIE: Play in editor start time for /Game/StarterContent/Maps/UEDPIE_0_Minimal_Default 9.788
[2020.01.15-19.16.54:890][ 31]LogBlueprintUserMessages: Late PlayInEditor Detection: Level '/Game/StarterContent/Maps/Minimal_Default.Minimal_Default:PersistentLevel' has LevelScriptBlueprint '/Game/StarterContent/Maps/Minimal_Default.Minimal_Default:PersistentLevel.Minimal_Default' with GeneratedClass '/Game/StarterContent/Maps/Minimal_Default.Minimal_Default_C' with ClassGeneratedBy '/Game/StarterContent/Maps/Minimal_Default.Minimal_Default:PersistentLevel.Minimal_Default'
[2020.01.15-19.17.08:468][435]LogBlueprintUserMessages: Early EndPlayMap Detection: Level '/Game/StarterContent/Maps/Minimal_Default.Minimal_Default:PersistentLevel' has LevelScriptBlueprint '/Game/StarterContent/Maps/Minimal_Default.Minimal_Default:PersistentLevel.Minimal_Default' with GeneratedClass '/Game/StarterContent/Maps/Minimal_Default.Minimal_Default_C' with ClassGeneratedBy '/Game/StarterContent/Maps/Minimal_Default.Minimal_Default:PersistentLevel.Minimal_Default'
[2020.01.15-19.17.08:526][435]LogSlate: Updating window title bar state: overlay mode, drag disabled, window buttons hidden, title bar hidden
[2020.01.15-19.17.08:526][435]LogWorld: BeginTearingDown for /Game/StarterContent/Maps/UEDPIE_0_Minimal_Default
[2020.01.15-19.17.08:535][435]LogSlate: Window 'OPC Game Preview Standalone (64-bit/PCD3D_SM5)' being destroyed
[2020.01.15-19.17.08:590][435]LogWorld: UWorld::CleanupWorld for Minimal_Default, bSessionEnded=true, bCleanupResources=true
[2020.01.15-19.17.08:606][435]LogPlayLevel: Display: Shutting down PIE online subsystems
[2020.01.15-19.17.08:606][435]LogBlueprintUserMessages: Late EndPlayMap Detection: Level '/Game/StarterContent/Maps/Minimal_Default.Minimal_Default:PersistentLevel' has LevelScriptBlueprint '/Game/StarterContent/Maps/Minimal_Default.Minimal_Default:PersistentLevel.Minimal_Default' with GeneratedClass '/Game/StarterContent/Maps/Minimal_Default.Minimal_Default_C' with ClassGeneratedBy '/Game/StarterContent/Maps/Minimal_Default.Minimal_Default:PersistentLevel.Minimal_Default'
[2020.01.15-19.17.08:694][435]LogUObjectHash: Compacting FUObjectHashTables data took   1.27ms
[2020.01.15-19.17.08:707][436]LogPlayLevel: Display: Destroying online subsystem :Context_3
[2020.01.15-19.17.39:967][672]LogEditorSessionSummary: EditorSessionSummary sent report. Type=Shutdown, SessionId={769ADA9F-4FF1-2D36-A2F5-F5A0E1DEF16B}
[2020.01.15-19.19.22:330][979]LogEditorViewport: Clicking on Actor (LMB): BP_PlayerCharacter_C (BP_PlayerCharacter)
[2020.01.15-19.19.24:673][176]LogSlate: FSceneViewport::OnFocusLost() reason 0
[2020.01.15-19.19.24:763][185]LogSlate: Took 0.012411 seconds to synchronously load lazily loaded font '../../../Engine/Content/Slate/Fonts/Roboto-Light.ttf' (167K)
[2020.01.15-19.19.24:811][185]LogAssetEditorManager: Opening Asset editor for Blueprint /Game/PlayerBPs/BP_PlayerCharacter.BP_PlayerCharacter
[2020.01.15-19.19.25:387][185]LogContentBrowser: Native class hierarchy updated for 'BlueprintGraph' in 0.0005 seconds. Added 121 classes and 0 folders.
[2020.01.15-19.19.26:665][185]LogSlate: Took 0.005715 seconds to synchronously load lazily loaded font '../../../Engine/Content/Slate/Fonts/Roboto-BoldCondensed.ttf' (158K)
[2020.01.15-19.19.26:945][186]LogSlate: Took 0.010142 seconds to synchronously load lazily loaded font '../../../Engine/Content/Slate/Fonts/Roboto-Italic.ttf' (157K)
[2020.01.15-19.20.02:542][241]LogSlate: Took 0.010095 seconds to synchronously load lazily loaded font '../../../Engine/Content/Slate/Fonts/Roboto-BoldCondensedItalic.ttf' (160K)
[2020.01.15-19.20.07:515][661]BlueprintLog: New page: Compile BP_PlayerCharacter
[2020.01.15-19.20.07:898][661]LogUObjectHash: Compacting FUObjectHashTables data took   3.42ms
[2020.01.15-19.20.28:553][431]LogTemp: Repeating last play command: New Editor Window (PIE)
[2020.01.15-19.20.28:562][431]LogBlueprintUserMessages: Early PlayInEditor Detection: Level '/Game/StarterContent/Maps/Minimal_Default.Minimal_Default:PersistentLevel' has LevelScriptBlueprint '/Game/StarterContent/Maps/Minimal_Default.Minimal_Default:PersistentLevel.Minimal_Default' with GeneratedClass '/Game/StarterContent/Maps/Minimal_Default.Minimal_Default_C' with ClassGeneratedBy '/Game/StarterContent/Maps/Minimal_Default.Minimal_Default:PersistentLevel.Minimal_Default'
[2020.01.15-19.20.28:562][431]BlueprintLog: New page: Pre-Play auto-recompile
[2020.01.15-19.20.28:563][431]LogPlayLevel: [PlayLevel] Compiling BP_PlayerCharacter before play...
[2020.01.15-19.20.28:838][431]LogUObjectHash: Compacting FUObjectHashTables data took   3.02ms
[2020.01.15-19.20.28:838][431]LogPlayLevel: PlayLevel: Blueprint regeneration took 275 ms (1 blueprints)
[2020.01.15-19.20.28:838][431]LogHMD: Initializing OVRPlugin session
[2020.01.15-19.20.30:647][431]LogHMD: Allocating Oculus 3296 x 1776 rendertarget swapchain
[2020.01.15-19.20.30:648][431]PIE: New page: PIE session: Minimal_Default (Jan 16, 2020, 5:20:30 PM)
[2020.01.15-19.20.30:649][431]LogPlayLevel: Creating play world package: /Game/StarterContent/Maps/UEDPIE_0_Minimal_Default
[2020.01.15-19.20.30:654][431]LogPlayLevel: PIE: StaticDuplicateObject took: (0.004905s)
[2020.01.15-19.20.30:655][431]LogAIModule: Creating AISystem for world Minimal_Default
[2020.01.15-19.20.30:655][431]LogPlayLevel: PIE: World Init took: (0.001045s)
[2020.01.15-19.20.30:655][431]LogPlayLevel: PIE: Created PIE world by copying editor world from /Game/StarterContent/Maps/Minimal_Default.Minimal_Default to /Game/StarterContent/Maps/UEDPIE_0_Minimal_Default.Minimal_Default (0.006136s)
[2020.01.15-19.20.30:691][431]LogUObjectHash: Compacting FUObjectHashTables data took   3.09ms
[2020.01.15-19.20.30:757][431]LogInit: XAudio2 using 'Headset Earphone (HyperX Virtual Surround Sound)' : 2 channels at 48 kHz using 16 bits per sample (channel mask 0x3)
[2020.01.15-19.20.30:770][431]LogInit: FAudioDevice initialized.
[2020.01.15-19.20.30:781][431]LogSlate: Updating window title bar state: overlay mode, drag disabled, window buttons hidden, title bar hidden
[2020.01.15-19.20.30:782][431]LogLoad: Game class is 'GameModeBase'
[2020.01.15-19.20.30:784][431]LogWorld: Bringing World /Game/StarterContent/Maps/UEDPIE_0_Minimal_Default.Minimal_Default up for play (max tick rate 0) at 2020.01.16-06.20.30
[2020.01.15-19.20.30:784][431]LogWorld: Bringing up level for play took: 0.002104
[2020.01.15-19.20.30:784][431]LogOnline: OSS: Creating online subsystem instance for: :Context_5
[2020.01.15-19.20.30:790][431]PIE: Play in editor start time for /Game/StarterContent/Maps/UEDPIE_0_Minimal_Default 1.687
[2020.01.15-19.20.30:790][431]LogBlueprintUserMessages: Late PlayInEditor Detection: Level '/Game/StarterContent/Maps/Minimal_Default.Minimal_Default:PersistentLevel' has LevelScriptBlueprint '/Game/StarterContent/Maps/Minimal_Default.Minimal_Default:PersistentLevel.Minimal_Default' with GeneratedClass '/Game/StarterContent/Maps/Minimal_Default.Minimal_Default_C' with ClassGeneratedBy '/Game/StarterContent/Maps/Minimal_Default.Minimal_Default:PersistentLevel.Minimal_Default'
[2020.01.15-19.20.40:712][363]LogBlueprintUserMessages: Early EndPlayMap Detection: Level '/Game/StarterContent/Maps/Minimal_Default.Minimal_Default:PersistentLevel' has LevelScriptBlueprint '/Game/StarterContent/Maps/Minimal_Default.Minimal_Default:PersistentLevel.Minimal_Default' with GeneratedClass '/Game/StarterContent/Maps/Minimal_Default.Minimal_Default_C' with ClassGeneratedBy '/Game/StarterContent/Maps/Minimal_Default.Minimal_Default:PersistentLevel.Minimal_Default'
[2020.01.15-19.20.40:718][363]LogSlate: Updating window title bar state: overlay mode, drag disabled, window buttons hidden, title bar hidden
[2020.01.15-19.20.40:718][363]LogWorld: BeginTearingDown for /Game/StarterContent/Maps/UEDPIE_0_Minimal_Default
[2020.01.15-19.20.40:727][363]LogSlate: Window 'OPC Game Preview Standalone (64-bit/PCD3D_SM5)' being destroyed
[2020.01.15-19.20.40:774][363]LogWorld: UWorld::CleanupWorld for Minimal_Default, bSessionEnded=true, bCleanupResources=true
[2020.01.15-19.20.40:785][363]LogPlayLevel: Display: Shutting down PIE online subsystems
[2020.01.15-19.20.40:786][363]LogBlueprintUserMessages: Late EndPlayMap Detection: Level '/Game/StarterContent/Maps/Minimal_Default.Minimal_Default:PersistentLevel' has LevelScriptBlueprint '/Game/StarterContent/Maps/Minimal_Default.Minimal_Default:PersistentLevel.Minimal_Default' with GeneratedClass '/Game/StarterContent/Maps/Minimal_Default.Minimal_Default_C' with ClassGeneratedBy '/Game/StarterContent/Maps/Minimal_Default.Minimal_Default:PersistentLevel.Minimal_Default'
[2020.01.15-19.20.40:834][363]LogUObjectHash: Compacting FUObjectHashTables data took   2.14ms
[2020.01.15-19.20.40:885][364]LogPlayLevel: Display: Destroying online subsystem :Context_5
[2020.01.15-19.20.44:456][710]LogTemp: Repeating last play command: New Editor Window (PIE)
[2020.01.15-19.20.44:466][710]LogBlueprintUserMessages: Early PlayInEditor Detection: Level '/Game/StarterContent/Maps/Minimal_Default.Minimal_Default:PersistentLevel' has LevelScriptBlueprint '/Game/StarterContent/Maps/Minimal_Default.Minimal_Default:PersistentLevel.Minimal_Default' with GeneratedClass '/Game/StarterContent/Maps/Minimal_Default.Minimal_Default_C' with ClassGeneratedBy '/Game/StarterContent/Maps/Minimal_Default.Minimal_Default:PersistentLevel.Minimal_Default'
[2020.01.15-19.20.44:466][710]BlueprintLog: New page: Pre-Play auto-recompile
[2020.01.15-19.20.44:466][710]LogPlayLevel: [PlayLevel] Compiling BP_PlayerCharacter before play...
[2020.01.15-19.20.44:673][710]LogUObjectHash: Compacting FUObjectHashTables data took   2.87ms
[2020.01.15-19.20.44:673][710]LogPlayLevel: PlayLevel: Blueprint regeneration took 207 ms (1 blueprints)
[2020.01.15-19.20.44:673][710]LogHMD: Initializing OVRPlugin session
[2020.01.15-19.20.44:745][710]LogHMD: Allocating Oculus 3296 x 1776 rendertarget swapchain
[2020.01.15-19.20.44:746][710]PIE: New page: PIE session: Minimal_Default (Jan 16, 2020, 5:20:44 PM)
[2020.01.15-19.20.44:746][710]LogPlayLevel: Creating play world package: /Game/StarterContent/Maps/UEDPIE_0_Minimal_Default
[2020.01.15-19.20.44:750][710]LogPlayLevel: PIE: StaticDuplicateObject took: (0.003899s)
[2020.01.15-19.20.44:751][710]LogAIModule: Creating AISystem for world Minimal_Default
[2020.01.15-19.20.44:751][710]LogPlayLevel: PIE: World Init took: (0.000901s)
[2020.01.15-19.20.44:751][710]LogPlayLevel: PIE: Created PIE world by copying editor world from /Game/StarterContent/Maps/Minimal_Default.Minimal_Default to /Game/StarterContent/Maps/UEDPIE_0_Minimal_Default.Minimal_Default (0.004929s)
[2020.01.15-19.20.44:790][710]LogUObjectHash: Compacting FUObjectHashTables data took   2.14ms
[2020.01.15-19.20.44:839][710]LogInit: XAudio2 using 'Headset Earphone (HyperX Virtual Surround Sound)' : 2 channels at 48 kHz using 16 bits per sample (channel mask 0x3)
[2020.01.15-19.20.44:852][710]LogInit: FAudioDevice initialized.
[2020.01.15-19.20.44:859][710]LogSlate: Updating window title bar state: overlay mode, drag disabled, window buttons hidden, title bar hidden
[2020.01.15-19.20.44:860][710]LogLoad: Game class is 'GameModeBase'
[2020.01.15-19.20.44:862][710]LogWorld: Bringing World /Game/StarterContent/Maps/UEDPIE_0_Minimal_Default.Minimal_Default up for play (max tick rate 0) at 2020.01.16-06.20.44
[2020.01.15-19.20.44:862][710]LogWorld: Bringing up level for play took: 0.001758
[2020.01.15-19.20.44:862][710]LogOnline: OSS: Creating online subsystem instance for: :Context_7
[2020.01.15-19.20.44:866][710]PIE: Play in editor start time for /Game/StarterContent/Maps/UEDPIE_0_Minimal_Default -0.237
[2020.01.15-19.20.44:866][710]LogBlueprintUserMessages: Late PlayInEditor Detection: Level '/Game/StarterContent/Maps/Minimal_Default.Minimal_Default:PersistentLevel' has LevelScriptBlueprint '/Game/StarterContent/Maps/Minimal_Default.Minimal_Default:PersistentLevel.Minimal_Default' with GeneratedClass '/Game/StarterContent/Maps/Minimal_Default.Minimal_Default_C' with ClassGeneratedBy '/Game/StarterContent/Maps/Minimal_Default.Minimal_Default:PersistentLevel.Minimal_Default'
[2020.01.15-19.21.17:623][115]LogBlueprintUserMessages: Early EndPlayMap Detection: Level '/Game/StarterContent/Maps/Minimal_Default.Minimal_Default:PersistentLevel' has LevelScriptBlueprint '/Game/StarterContent/Maps/Minimal_Default.Minimal_Default:PersistentLevel.Minimal_Default' with GeneratedClass '/Game/StarterContent/Maps/Minimal_Default.Minimal_Default_C' with ClassGeneratedBy '/Game/StarterContent/Maps/Minimal_Default.Minimal_Default:PersistentLevel.Minimal_Default'
[2020.01.15-19.21.17:629][115]LogSlate: Updating window title bar state: overlay mode, drag disabled, window buttons hidden, title bar hidden
[2020.01.15-19.21.17:629][115]LogWorld: BeginTearingDown for /Game/StarterContent/Maps/UEDPIE_0_Minimal_Default
[2020.01.15-19.21.17:639][115]LogSlate: Window 'OPC Game Preview Standalone (64-bit/PCD3D_SM5)' being destroyed
[2020.01.15-19.21.17:690][115]LogWorld: UWorld::CleanupWorld for Minimal_Default, bSessionEnded=true, bCleanupResources=true
[2020.01.15-19.21.17:700][115]LogPlayLevel: Display: Shutting down PIE online subsystems
[2020.01.15-19.21.17:700][115]LogBlueprintUserMessages: Late EndPlayMap Detection: Level '/Game/StarterContent/Maps/Minimal_Default.Minimal_Default:PersistentLevel' has LevelScriptBlueprint '/Game/StarterContent/Maps/Minimal_Default.Minimal_Default:PersistentLevel.Minimal_Default' with GeneratedClass '/Game/StarterContent/Maps/Minimal_Default.Minimal_Default_C' with ClassGeneratedBy '/Game/StarterContent/Maps/Minimal_Default.Minimal_Default:PersistentLevel.Minimal_Default'
[2020.01.15-19.21.17:742][115]LogUObjectHash: Compacting FUObjectHashTables data took   2.28ms
[2020.01.15-19.21.17:795][116]LogPlayLevel: Display: Destroying online subsystem :Context_7
[2020.01.15-19.24.52:088][744]LogSlate: FSceneViewport::OnFocusLost() reason 0
[2020.01.15-19.25.14:598][918]LogTemp: Repeating last play command: New Editor Window (PIE)
[2020.01.15-19.25.14:608][918]LogBlueprintUserMessages: Early PlayInEditor Detection: Level '/Game/StarterContent/Maps/Minimal_Default.Minimal_Default:PersistentLevel' has LevelScriptBlueprint '/Game/StarterContent/Maps/Minimal_Default.Minimal_Default:PersistentLevel.Minimal_Default' with GeneratedClass '/Game/StarterContent/Maps/Minimal_Default.Minimal_Default_C' with ClassGeneratedBy '/Game/StarterContent/Maps/Minimal_Default.Minimal_Default:PersistentLevel.Minimal_Default'
[2020.01.15-19.25.14:608][918]BlueprintLog: New page: Pre-Play auto-recompile
[2020.01.15-19.25.14:609][918]LogPlayLevel: [PlayLevel] Compiling BP_PlayerCharacter before play...
[2020.01.15-19.25.14:815][918]LogUObjectHash: Compacting FUObjectHashTables data took   3.07ms
[2020.01.15-19.25.14:816][918]LogPlayLevel: PlayLevel: Blueprint regeneration took 207 ms (1 blueprints)
[2020.01.15-19.25.14:816][918]LogHMD: Initializing OVRPlugin session
[2020.01.15-19.25.14:887][918]LogHMD: Allocating Oculus 3296 x 1776 rendertarget swapchain
[2020.01.15-19.25.14:888][918]PIE: New page: PIE session: Minimal_Default (Jan 16, 2020, 5:25:14 PM)
[2020.01.15-19.25.14:889][918]LogPlayLevel: Creating play world package: /Game/StarterContent/Maps/UEDPIE_0_Minimal_Default
[2020.01.15-19.25.14:892][918]LogPlayLevel: PIE: StaticDuplicateObject took: (0.003459s)
[2020.01.15-19.25.14:893][918]LogAIModule: Creating AISystem for world Minimal_Default
[2020.01.15-19.25.14:893][918]LogPlayLevel: PIE: World Init took: (0.000836s)
[2020.01.15-19.25.14:893][918]LogPlayLevel: PIE: Created PIE world by copying editor world from /Game/StarterContent/Maps/Minimal_Default.Minimal_Default to /Game/StarterContent/Maps/UEDPIE_0_Minimal_Default.Minimal_Default (0.004421s)
[2020.01.15-19.25.14:929][918]LogUObjectHash: Compacting FUObjectHashTables data took   2.17ms
[2020.01.15-19.25.14:975][918]LogInit: XAudio2 using 'Headset Earphone (HyperX Virtual Surround Sound)' : 2 channels at 48 kHz using 16 bits per sample (channel mask 0x3)
[2020.01.15-19.25.14:991][918]LogInit: FAudioDevice initialized.
[2020.01.15-19.25.14:999][918]LogSlate: Updating window title bar state: overlay mode, drag disabled, window buttons hidden, title bar hidden
[2020.01.15-19.25.14:999][918]LogLoad: Game class is 'GameModeBase'
[2020.01.15-19.25.15:001][918]LogWorld: Bringing World /Game/StarterContent/Maps/UEDPIE_0_Minimal_Default.Minimal_Default up for play (max tick rate 0) at 2020.01.16-06.25.15
[2020.01.15-19.25.15:002][918]LogWorld: Bringing up level for play took: 0.001687
[2020.01.15-19.25.15:002][918]LogOnline: OSS: Creating online subsystem instance for: :Context_8
[2020.01.15-19.25.15:006][918]PIE: Play in editor start time for /Game/StarterContent/Maps/UEDPIE_0_Minimal_Default -0.096
[2020.01.15-19.25.15:006][918]LogBlueprintUserMessages: Late PlayInEditor Detection: Level '/Game/StarterContent/Maps/Minimal_Default.Minimal_Default:PersistentLevel' has LevelScriptBlueprint '/Game/StarterContent/Maps/Minimal_Default.Minimal_Default:PersistentLevel.Minimal_Default' with GeneratedClass '/Game/StarterContent/Maps/Minimal_Default.Minimal_Default_C' with ClassGeneratedBy '/Game/StarterContent/Maps/Minimal_Default.Minimal_Default:PersistentLevel.Minimal_Default'
[2020.01.15-19.25.40:976][245]LogBlueprintUserMessages: Early EndPlayMap Detection: Level '/Game/StarterContent/Maps/Minimal_Default.Minimal_Default:PersistentLevel' has LevelScriptBlueprint '/Game/StarterContent/Maps/Minimal_Default.Minimal_Default:PersistentLevel.Minimal_Default' with GeneratedClass '/Game/StarterContent/Maps/Minimal_Default.Minimal_Default_C' with ClassGeneratedBy '/Game/StarterContent/Maps/Minimal_Default.Minimal_Default:PersistentLevel.Minimal_Default'
[2020.01.15-19.25.40:992][245]LogSlate: Updating window title bar state: overlay mode, drag disabled, window buttons hidden, title bar hidden
[2020.01.15-19.25.40:992][245]LogWorld: BeginTearingDown for /Game/StarterContent/Maps/UEDPIE_0_Minimal_Default
[2020.01.15-19.25.41:002][245]LogSlate: Window 'OPC Game Preview Standalone (64-bit/PCD3D_SM5)' being destroyed
[2020.01.15-19.25.41:048][245]LogWorld: UWorld::CleanupWorld for Minimal_Default, bSessionEnded=true, bCleanupResources=true
[2020.01.15-19.25.41:060][245]LogPlayLevel: Display: Shutting down PIE online subsystems
[2020.01.15-19.25.41:060][245]LogBlueprintUserMessages: Late EndPlayMap Detection: Level '/Game/StarterContent/Maps/Minimal_Default.Minimal_Default:PersistentLevel' has LevelScriptBlueprint '/Game/StarterContent/Maps/Minimal_Default.Minimal_Default:PersistentLevel.Minimal_Default' with GeneratedClass '/Game/StarterContent/Maps/Minimal_Default.Minimal_Default_C' with ClassGeneratedBy '/Game/StarterContent/Maps/Minimal_Default.Minimal_Default:PersistentLevel.Minimal_Default'
[2020.01.15-19.25.41:100][245]LogUObjectHash: Compacting FUObjectHashTables data took   2.13ms
[2020.01.15-19.25.41:140][246]LogPlayLevel: Display: Destroying online subsystem :Context_8
[2020.01.15-19.25.43:839][506]LogTemp: Repeating last play command: New Editor Window (PIE)
[2020.01.15-19.25.43:849][506]LogBlueprintUserMessages: Early PlayInEditor Detection: Level '/Game/StarterContent/Maps/Minimal_Default.Minimal_Default:PersistentLevel' has LevelScriptBlueprint '/Game/StarterContent/Maps/Minimal_Default.Minimal_Default:PersistentLevel.Minimal_Default' with GeneratedClass '/Game/StarterContent/Maps/Minimal_Default.Minimal_Default_C' with ClassGeneratedBy '/Game/StarterContent/Maps/Minimal_Default.Minimal_Default:PersistentLevel.Minimal_Default'
[2020.01.15-19.25.43:849][506]LogPlayLevel: PlayLevel: No blueprints needed recompiling
[2020.01.15-19.25.43:849][506]LogHMD: Initializing OVRPlugin session
[2020.01.15-19.25.43:918][506]LogHMD: Allocating Oculus 3296 x 1776 rendertarget swapchain
[2020.01.15-19.25.43:919][506]PIE: New page: PIE session: Minimal_Default (Jan 16, 2020, 5:25:43 PM)
[2020.01.15-19.25.43:920][506]LogPlayLevel: Creating play world package: /Game/StarterContent/Maps/UEDPIE_0_Minimal_Default
[2020.01.15-19.25.43:923][506]LogPlayLevel: PIE: StaticDuplicateObject took: (0.003654s)
[2020.01.15-19.25.43:924][506]LogAIModule: Creating AISystem for world Minimal_Default
[2020.01.15-19.25.43:925][506]LogPlayLevel: PIE: World Init took: (0.001303s)
[2020.01.15-19.25.43:925][506]LogPlayLevel: PIE: Created PIE world by copying editor world from /Game/StarterContent/Maps/Minimal_Default.Minimal_Default to /Game/StarterContent/Maps/UEDPIE_0_Minimal_Default.Minimal_Default (0.005072s)
[2020.01.15-19.25.43:956][506]LogUObjectHash: Compacting FUObjectHashTables data took   2.13ms
[2020.01.15-19.25.44:002][506]LogInit: XAudio2 using 'Headset Earphone (HyperX Virtual Surround Sound)' : 2 channels at 48 kHz using 16 bits per sample (channel mask 0x3)
[2020.01.15-19.25.44:015][506]LogInit: FAudioDevice initialized.
[2020.01.15-19.25.44:023][506]LogSlate: Updating window title bar state: overlay mode, drag disabled, window buttons hidden, title bar hidden
[2020.01.15-19.25.44:023][506]LogLoad: Game class is 'GameModeBase'
[2020.01.15-19.25.44:025][506]LogWorld: Bringing World /Game/StarterContent/Maps/UEDPIE_0_Minimal_Default.Minimal_Default up for play (max tick rate 0) at 2020.01.16-06.25.44
[2020.01.15-19.25.44:025][506]LogWorld: Bringing up level for play took: 0.001225
[2020.01.15-19.25.44:025][506]LogOnline: OSS: Creating online subsystem instance for: :Context_9
[2020.01.15-19.25.44:030][506]PIE: Play in editor start time for /Game/StarterContent/Maps/UEDPIE_0_Minimal_Default 0.927
[2020.01.15-19.25.44:030][506]LogBlueprintUserMessages: Late PlayInEditor Detection: Level '/Game/StarterContent/Maps/Minimal_Default.Minimal_Default:PersistentLevel' has LevelScriptBlueprint '/Game/StarterContent/Maps/Minimal_Default.Minimal_Default:PersistentLevel.Minimal_Default' with GeneratedClass '/Game/StarterContent/Maps/Minimal_Default.Minimal_Default_C' with ClassGeneratedBy '/Game/StarterContent/Maps/Minimal_Default.Minimal_Default:PersistentLevel.Minimal_Default'
[2020.01.15-19.25.51:352][155]LogBlueprintUserMessages: Early EndPlayMap Detection: Level '/Game/StarterContent/Maps/Minimal_Default.Minimal_Default:PersistentLevel' has LevelScriptBlueprint '/Game/StarterContent/Maps/Minimal_Default.Minimal_Default:PersistentLevel.Minimal_Default' with GeneratedClass '/Game/StarterContent/Maps/Minimal_Default.Minimal_Default_C' with ClassGeneratedBy '/Game/StarterContent/Maps/Minimal_Default.Minimal_Default:PersistentLevel.Minimal_Default'
[2020.01.15-19.25.51:357][155]LogSlate: Updating window title bar state: overlay mode, drag disabled, window buttons hidden, title bar hidden
[2020.01.15-19.25.51:357][155]LogWorld: BeginTearingDown for /Game/StarterContent/Maps/UEDPIE_0_Minimal_Default
[2020.01.15-19.25.51:366][155]LogSlate: Window 'OPC Game Preview Standalone (64-bit/PCD3D_SM5)' being destroyed
[2020.01.15-19.25.51:413][155]LogWorld: UWorld::CleanupWorld for Minimal_Default, bSessionEnded=true, bCleanupResources=true
[2020.01.15-19.25.51:428][155]LogPlayLevel: Display: Shutting down PIE online subsystems
[2020.01.15-19.25.51:428][155]LogBlueprintUserMessages: Late EndPlayMap Detection: Level '/Game/StarterContent/Maps/Minimal_Default.Minimal_Default:PersistentLevel' has LevelScriptBlueprint '/Game/StarterContent/Maps/Minimal_Default.Minimal_Default:PersistentLevel.Minimal_Default' with GeneratedClass '/Game/StarterContent/Maps/Minimal_Default.Minimal_Default_C' with ClassGeneratedBy '/Game/StarterContent/Maps/Minimal_Default.Minimal_Default:PersistentLevel.Minimal_Default'
[2020.01.15-19.25.51:471][155]LogUObjectHash: Compacting FUObjectHashTables data took   2.16ms
[2020.01.15-19.25.51:510][156]LogPlayLevel: Display: Destroying online subsystem :Context_9
[2020.01.15-19.28.07:952][959]LogTemp: Repeating last play command: New Editor Window (PIE)
[2020.01.15-19.28.07:962][959]LogBlueprintUserMessages: Early PlayInEditor Detection: Level '/Game/StarterContent/Maps/Minimal_Default.Minimal_Default:PersistentLevel' has LevelScriptBlueprint '/Game/StarterContent/Maps/Minimal_Default.Minimal_Default:PersistentLevel.Minimal_Default' with GeneratedClass '/Game/StarterContent/Maps/Minimal_Default.Minimal_Default_C' with ClassGeneratedBy '/Game/StarterContent/Maps/Minimal_Default.Minimal_Default:PersistentLevel.Minimal_Default'
[2020.01.15-19.28.07:962][959]BlueprintLog: New page: Pre-Play auto-recompile
[2020.01.15-19.28.07:963][959]LogPlayLevel: [PlayLevel] Compiling BP_PlayerCharacter before play...
[2020.01.15-19.28.08:181][959]LogUObjectHash: Compacting FUObjectHashTables data took   3.21ms
[2020.01.15-19.28.08:182][959]LogPlayLevel: PlayLevel: Blueprint regeneration took 219 ms (1 blueprints)
[2020.01.15-19.28.08:182][959]LogHMD: Initializing OVRPlugin session
[2020.01.15-19.28.08:253][959]LogHMD: Allocating Oculus 3296 x 1776 rendertarget swapchain
[2020.01.15-19.28.08:254][959]PIE: New page: PIE session: Minimal_Default (Jan 16, 2020, 5:28:08 PM)
[2020.01.15-19.28.08:254][959]LogPlayLevel: Creating play world package: /Game/StarterContent/Maps/UEDPIE_0_Minimal_Default
[2020.01.15-19.28.08:258][959]LogPlayLevel: PIE: StaticDuplicateObject took: (0.003381s)
[2020.01.15-19.28.08:259][959]LogAIModule: Creating AISystem for world Minimal_Default
[2020.01.15-19.28.08:259][959]LogPlayLevel: PIE: World Init took: (0.000826s)
[2020.01.15-19.28.08:259][959]LogPlayLevel: PIE: Created PIE world by copying editor world from /Game/StarterContent/Maps/Minimal_Default.Minimal_Default to /Game/StarterContent/Maps/UEDPIE_0_Minimal_Default.Minimal_Default (0.004323s)
[2020.01.15-19.28.08:294][959]LogUObjectHash: Compacting FUObjectHashTables data took   2.18ms
[2020.01.15-19.28.08:341][959]LogInit: XAudio2 using 'Headset Earphone (HyperX Virtual Surround Sound)' : 2 channels at 48 kHz using 16 bits per sample (channel mask 0x3)
[2020.01.15-19.28.08:356][959]LogInit: FAudioDevice initialized.
[2020.01.15-19.28.08:364][959]LogSlate: Updating window title bar state: overlay mode, drag disabled, window buttons hidden, title bar hidden
[2020.01.15-19.28.08:364][959]LogLoad: Game class is 'GameModeBase'
[2020.01.15-19.28.08:366][959]LogWorld: Bringing World /Game/StarterContent/Maps/UEDPIE_0_Minimal_Default.Minimal_Default up for play (max tick rate 0) at 2020.01.16-06.28.08
[2020.01.15-19.28.08:367][959]LogWorld: Bringing up level for play took: 0.001872
[2020.01.15-19.28.08:367][959]LogOnline: OSS: Creating online subsystem instance for: :Context_10
[2020.01.15-19.28.08:371][959]PIE: Play in editor start time for /Game/StarterContent/Maps/UEDPIE_0_Minimal_Default 1.268
[2020.01.15-19.28.08:371][959]LogBlueprintUserMessages: Late PlayInEditor Detection: Level '/Game/StarterContent/Maps/Minimal_Default.Minimal_Default:PersistentLevel' has LevelScriptBlueprint '/Game/StarterContent/Maps/Minimal_Default.Minimal_Default:PersistentLevel.Minimal_Default' with GeneratedClass '/Game/StarterContent/Maps/Minimal_Default.Minimal_Default_C' with ClassGeneratedBy '/Game/StarterContent/Maps/Minimal_Default.Minimal_Default:PersistentLevel.Minimal_Default'
[2020.01.15-19.28.14:279][385]LogBlueprintUserMessages: Early EndPlayMap Detection: Level '/Game/StarterContent/Maps/Minimal_Default.Minimal_Default:PersistentLevel' has LevelScriptBlueprint '/Game/StarterContent/Maps/Minimal_Default.Minimal_Default:PersistentLevel.Minimal_Default' with GeneratedClass '/Game/StarterContent/Maps/Minimal_Default.Minimal_Default_C' with ClassGeneratedBy '/Game/StarterContent/Maps/Minimal_Default.Minimal_Default:PersistentLevel.Minimal_Default'
[2020.01.15-19.28.14:286][385]LogSlate: Updating window title bar state: overlay mode, drag disabled, window buttons hidden, title bar hidden
[2020.01.15-19.28.14:286][385]LogWorld: BeginTearingDown for /Game/StarterContent/Maps/UEDPIE_0_Minimal_Default
[2020.01.15-19.28.14:295][385]LogSlate: Window 'OPC Game Preview Standalone (64-bit/PCD3D_SM5)' being destroyed
[2020.01.15-19.28.14:341][385]LogWorld: UWorld::CleanupWorld for Minimal_Default, bSessionEnded=true, bCleanupResources=true
[2020.01.15-19.28.14:357][385]LogPlayLevel: Display: Shutting down PIE online subsystems
[2020.01.15-19.28.14:357][385]LogBlueprintUserMessages: Late EndPlayMap Detection: Level '/Game/StarterContent/Maps/Minimal_Default.Minimal_Default:PersistentLevel' has LevelScriptBlueprint '/Game/StarterContent/Maps/Minimal_Default.Minimal_Default:PersistentLevel.Minimal_Default' with GeneratedClass '/Game/StarterContent/Maps/Minimal_Default.Minimal_Default_C' with ClassGeneratedBy '/Game/StarterContent/Maps/Minimal_Default.Minimal_Default:PersistentLevel.Minimal_Default'
[2020.01.15-19.28.14:398][385]LogUObjectHash: Compacting FUObjectHashTables data took   2.17ms
[2020.01.15-19.28.14:479][386]LogPlayLevel: Display: Destroying online subsystem :Context_10
[2020.01.15-19.29.01:580][793]LogTemp: Repeating last play command: New Editor Window (PIE)
[2020.01.15-19.29.01:589][793]LogBlueprintUserMessages: Early PlayInEditor Detection: Level '/Game/StarterContent/Maps/Minimal_Default.Minimal_Default:PersistentLevel' has LevelScriptBlueprint '/Game/StarterContent/Maps/Minimal_Default.Minimal_Default:PersistentLevel.Minimal_Default' with GeneratedClass '/Game/StarterContent/Maps/Minimal_Default.Minimal_Default_C' with ClassGeneratedBy '/Game/StarterContent/Maps/Minimal_Default.Minimal_Default:PersistentLevel.Minimal_Default'
[2020.01.15-19.29.01:589][793]BlueprintLog: New page: Pre-Play auto-recompile
[2020.01.15-19.29.01:590][793]LogPlayLevel: [PlayLevel] Compiling BP_PlayerCharacter before play...
[2020.01.15-19.29.01:809][793]LogUObjectHash: Compacting FUObjectHashTables data took   3.21ms
[2020.01.15-19.29.01:809][793]LogPlayLevel: PlayLevel: Blueprint regeneration took 219 ms (1 blueprints)
[2020.01.15-19.29.01:809][793]LogHMD: Initializing OVRPlugin session
[2020.01.15-19.29.01:884][793]LogHMD: Allocating Oculus 3296 x 1776 rendertarget swapchain
[2020.01.15-19.29.01:885][793]PIE: New page: PIE session: Minimal_Default (Jan 16, 2020, 5:29:01 PM)
[2020.01.15-19.29.01:885][793]LogPlayLevel: Creating play world package: /Game/StarterContent/Maps/UEDPIE_0_Minimal_Default
[2020.01.15-19.29.01:889][793]LogPlayLevel: PIE: StaticDuplicateObject took: (0.003563s)
[2020.01.15-19.29.01:889][793]LogAIModule: Creating AISystem for world Minimal_Default
[2020.01.15-19.29.01:890][793]LogPlayLevel: PIE: World Init took: (0.000886s)
[2020.01.15-19.29.01:890][793]LogPlayLevel: PIE: Created PIE world by copying editor world from /Game/StarterContent/Maps/Minimal_Default.Minimal_Default to /Game/StarterContent/Maps/UEDPIE_0_Minimal_Default.Minimal_Default (0.004573s)
[2020.01.15-19.29.01:927][793]LogUObjectHash: Compacting FUObjectHashTables data took   2.25ms
[2020.01.15-19.29.01:979][793]LogInit: XAudio2 using 'Headset Earphone (HyperX Virtual Surround Sound)' : 2 channels at 48 kHz using 16 bits per sample (channel mask 0x3)
[2020.01.15-19.29.01:994][793]LogInit: FAudioDevice initialized.
[2020.01.15-19.29.02:002][793]LogSlate: Updating window title bar state: overlay mode, drag disabled, window buttons hidden, title bar hidden
[2020.01.15-19.29.02:003][793]LogLoad: Game class is 'GameModeBase'
[2020.01.15-19.29.02:004][793]LogWorld: Bringing World /Game/StarterContent/Maps/UEDPIE_0_Minimal_Default.Minimal_Default up for play (max tick rate 0) at 2020.01.16-06.29.02
[2020.01.15-19.29.02:005][793]LogWorld: Bringing up level for play took: 0.001341
[2020.01.15-19.29.02:005][793]LogOnline: OSS: Creating online subsystem instance for: :Context_11
[2020.01.15-19.29.02:010][793]PIE: Play in editor start time for /Game/StarterContent/Maps/UEDPIE_0_Minimal_Default 0.907
[2020.01.15-19.29.02:010][793]LogBlueprintUserMessages: Late PlayInEditor Detection: Level '/Game/StarterContent/Maps/Minimal_Default.Minimal_Default:PersistentLevel' has LevelScriptBlueprint '/Game/StarterContent/Maps/Minimal_Default.Minimal_Default:PersistentLevel.Minimal_Default' with GeneratedClass '/Game/StarterContent/Maps/Minimal_Default.Minimal_Default_C' with ClassGeneratedBy '/Game/StarterContent/Maps/Minimal_Default.Minimal_Default:PersistentLevel.Minimal_Default'
[2020.01.15-19.29.04:867][ 12]LogBlueprintUserMessages: Early EndPlayMap Detection: Level '/Game/StarterContent/Maps/Minimal_Default.Minimal_Default:PersistentLevel' has LevelScriptBlueprint '/Game/StarterContent/Maps/Minimal_Default.Minimal_Default:PersistentLevel.Minimal_Default' with GeneratedClass '/Game/StarterContent/Maps/Minimal_Default.Minimal_Default_C' with ClassGeneratedBy '/Game/StarterContent/Maps/Minimal_Default.Minimal_Default:PersistentLevel.Minimal_Default'
[2020.01.15-19.29.04:873][ 12]LogSlate: Updating window title bar state: overlay mode, drag disabled, window buttons hidden, title bar hidden
[2020.01.15-19.29.04:873][ 12]LogWorld: BeginTearingDown for /Game/StarterContent/Maps/UEDPIE_0_Minimal_Default
[2020.01.15-19.29.04:883][ 12]LogSlate: Window 'OPC Game Preview Standalone (64-bit/PCD3D_SM5)' being destroyed
[2020.01.15-19.29.04:932][ 12]LogWorld: UWorld::CleanupWorld for Minimal_Default, bSessionEnded=true, bCleanupResources=true
[2020.01.15-19.29.04:942][ 12]LogPlayLevel: Display: Shutting down PIE online subsystems
[2020.01.15-19.29.04:942][ 12]LogBlueprintUserMessages: Late EndPlayMap Detection: Level '/Game/StarterContent/Maps/Minimal_Default.Minimal_Default:PersistentLevel' has LevelScriptBlueprint '/Game/StarterContent/Maps/Minimal_Default.Minimal_Default:PersistentLevel.Minimal_Default' with GeneratedClass '/Game/StarterContent/Maps/Minimal_Default.Minimal_Default_C' with ClassGeneratedBy '/Game/StarterContent/Maps/Minimal_Default.Minimal_Default:PersistentLevel.Minimal_Default'
[2020.01.15-19.29.04:981][ 12]LogUObjectHash: Compacting FUObjectHashTables data took   2.23ms
[2020.01.15-19.29.05:018][ 13]LogPlayLevel: Display: Destroying online subsystem :Context_11
[2020.01.15-19.29.12:458][697]LogTemp: Repeating last play command: New Editor Window (PIE)
[2020.01.15-19.29.12:467][697]LogBlueprintUserMessages: Early PlayInEditor Detection: Level '/Game/StarterContent/Maps/Minimal_Default.Minimal_Default:PersistentLevel' has LevelScriptBlueprint '/Game/StarterContent/Maps/Minimal_Default.Minimal_Default:PersistentLevel.Minimal_Default' with GeneratedClass '/Game/StarterContent/Maps/Minimal_Default.Minimal_Default_C' with ClassGeneratedBy '/Game/StarterContent/Maps/Minimal_Default.Minimal_Default:PersistentLevel.Minimal_Default'
[2020.01.15-19.29.12:467][697]BlueprintLog: New page: Pre-Play auto-recompile
[2020.01.15-19.29.12:468][697]LogPlayLevel: [PlayLevel] Compiling BP_PlayerCharacter before play...
[2020.01.15-19.29.12:682][697]LogUObjectHash: Compacting FUObjectHashTables data took   3.10ms
[2020.01.15-19.29.12:682][697]LogPlayLevel: PlayLevel: Blueprint regeneration took 214 ms (1 blueprints)
[2020.01.15-19.29.12:682][697]LogHMD: Initializing OVRPlugin session
[2020.01.15-19.29.12:753][697]LogHMD: Allocating Oculus 3296 x 1776 rendertarget swapchain
[2020.01.15-19.29.12:754][697]PIE: New page: PIE session: Minimal_Default (Jan 16, 2020, 5:29:12 PM)
[2020.01.15-19.29.12:754][697]LogPlayLevel: Creating play world package: /Game/StarterContent/Maps/UEDPIE_0_Minimal_Default
[2020.01.15-19.29.12:757][697]LogPlayLevel: PIE: StaticDuplicateObject took: (0.003310s)
[2020.01.15-19.29.12:758][697]LogAIModule: Creating AISystem for world Minimal_Default
[2020.01.15-19.29.12:758][697]LogPlayLevel: PIE: World Init took: (0.000848s)
[2020.01.15-19.29.12:758][697]LogPlayLevel: PIE: Created PIE world by copying editor world from /Game/StarterContent/Maps/Minimal_Default.Minimal_Default to /Game/StarterContent/Maps/UEDPIE_0_Minimal_Default.Minimal_Default (0.004275s)
[2020.01.15-19.29.12:793][697]LogUObjectHash: Compacting FUObjectHashTables data took   2.19ms
[2020.01.15-19.29.12:839][697]LogInit: XAudio2 using 'Headset Earphone (HyperX Virtual Surround Sound)' : 2 channels at 48 kHz using 16 bits per sample (channel mask 0x3)
[2020.01.15-19.29.12:852][697]LogInit: FAudioDevice initialized.
[2020.01.15-19.29.12:861][697]LogSlate: Updating window title bar state: overlay mode, drag disabled, window buttons hidden, title bar hidden
[2020.01.15-19.29.12:862][697]LogLoad: Game class is 'GameModeBase'
[2020.01.15-19.29.12:863][697]LogWorld: Bringing World /Game/StarterContent/Maps/UEDPIE_0_Minimal_Default.Minimal_Default up for play (max tick rate 0) at 2020.01.16-06.29.12
[2020.01.15-19.29.12:864][697]LogWorld: Bringing up level for play took: 0.001635
[2020.01.15-19.29.12:864][697]LogOnline: OSS: Creating online subsystem instance for: :Context_12
[2020.01.15-19.29.12:868][697]PIE: Play in editor start time for /Game/StarterContent/Maps/UEDPIE_0_Minimal_Default -0.235
[2020.01.15-19.29.12:868][697]LogBlueprintUserMessages: Late PlayInEditor Detection: Level '/Game/StarterContent/Maps/Minimal_Default.Minimal_Default:PersistentLevel' has LevelScriptBlueprint '/Game/StarterContent/Maps/Minimal_Default.Minimal_Default:PersistentLevel.Minimal_Default' with GeneratedClass '/Game/StarterContent/Maps/Minimal_Default.Minimal_Default_C' with ClassGeneratedBy '/Game/StarterContent/Maps/Minimal_Default.Minimal_Default:PersistentLevel.Minimal_Default'
[2020.01.15-19.29.25:544][791]LogBlueprintUserMessages: Early EndPlayMap Detection: Level '/Game/StarterContent/Maps/Minimal_Default.Minimal_Default:PersistentLevel' has LevelScriptBlueprint '/Game/StarterContent/Maps/Minimal_Default.Minimal_Default:PersistentLevel.Minimal_Default' with GeneratedClass '/Game/StarterContent/Maps/Minimal_Default.Minimal_Default_C' with ClassGeneratedBy '/Game/StarterContent/Maps/Minimal_Default.Minimal_Default:PersistentLevel.Minimal_Default'
[2020.01.15-19.29.25:549][791]LogSlate: Updating window title bar state: overlay mode, drag disabled, window buttons hidden, title bar hidden
[2020.01.15-19.29.25:549][791]LogWorld: BeginTearingDown for /Game/StarterContent/Maps/UEDPIE_0_Minimal_Default
[2020.01.15-19.29.25:559][791]LogSlate: Window 'OPC Game Preview Standalone (64-bit/PCD3D_SM5)' being destroyed
[2020.01.15-19.29.25:607][791]LogWorld: UWorld::CleanupWorld for Minimal_Default, bSessionEnded=true, bCleanupResources=true
[2020.01.15-19.29.25:621][791]LogPlayLevel: Display: Shutting down PIE online subsystems
[2020.01.15-19.29.25:621][791]LogBlueprintUserMessages: Late EndPlayMap Detection: Level '/Game/StarterContent/Maps/Minimal_Default.Minimal_Default:PersistentLevel' has LevelScriptBlueprint '/Game/StarterContent/Maps/Minimal_Default.Minimal_Default:PersistentLevel.Minimal_Default' with GeneratedClass '/Game/StarterContent/Maps/Minimal_Default.Minimal_Default_C' with ClassGeneratedBy '/Game/StarterContent/Maps/Minimal_Default.Minimal_Default:PersistentLevel.Minimal_Default'
[2020.01.15-19.29.25:664][791]LogUObjectHash: Compacting FUObjectHashTables data took   2.15ms
[2020.01.15-19.29.25:700][792]LogPlayLevel: Display: Destroying online subsystem :Context_12
[2020.01.15-19.29.33:086][116]Cmd: OBJ SAVEPACKAGE PACKAGE="/Game/PlayerBPs/BP_PlayerCharacter" FILE="F:/OpenCollab/OpenCollab/OPC/Content/PlayerBPs/BP_PlayerCharacter.uasset" SILENT=true
[2020.01.15-19.29.33:143][116]LogSavePackage: Moving 'F:/OpenCollab/OpenCollab/OPC/Saved/BP_PlayerCharacter3FAE30E14FCCA75BBD2314BD34980E4E.tmp' to 'F:/OpenCollab/OpenCollab/OPC/Content/PlayerBPs/BP_PlayerCharacter.uasset'
[2020.01.15-19.29.34:634][252]LogUObjectHash: Compacting FUObjectHashTables data took   0.82ms
[2020.01.15-19.29.36:477][252]LogSlate: Window 'Save Content' being destroyed
[2020.01.15-19.29.36:597][252]Cmd: OBJ SAVEPACKAGE PACKAGE="/Game/StarterContent/Maps/Minimal_Default" FILE="F:/OpenCollab/OpenCollab/OPC/Content/StarterContent/Maps/Minimal_Default.umap" SILENT=true AUTOSAVING=false KEEPDIRTY=false
[2020.01.15-19.29.36:637][252]LogUObjectHash: Compacting FUObjectHashTables data took   0.81ms
[2020.01.15-19.29.36:827][252]LogSavePackage: Moving 'F:/OpenCollab/OpenCollab/OPC/Saved/Minimal_DefaultFC2F6F964504A35FD4067DAC0A49214A.tmp' to 'F:/OpenCollab/OpenCollab/OPC/Content/StarterContent/Maps/Minimal_Default.umap'
[2020.01.15-19.29.36:850][252]LogFileHelpers: Saving map 'Minimal_Default' took 0.254
